2023-10-06T07:21:15.847Z 0: 

----------------------------------------------
2023-10-06T07:21:15.858Z 1: Discord starting: {"releaseChannel":"stable","version":"0.0.31"}, modulepath: /home/dennysesay/.config/discord/0.0.31/modules
2023-10-06T07:21:15.861Z 2: ✅ webContents.created web1 ""
2023-10-06T07:21:15.866Z 3: ✅ window.created win1 "discord"
2023-10-06T07:21:16.152Z 4: ✅ webContents.did-finish-load web1
2023-10-06T07:21:24.388Z 5: ✅ webContents.created web2 ""
2023-10-06T07:21:24.402Z 6: ✅ window.created win2 "Discord"
2023-10-06T07:21:26.679Z 7: ✅ webContents.did-finish-load web2
2023-10-06T07:21:26.778Z 8: window.close win1
2023-10-06T07:21:26.782Z 9: webContents.destroyed web1
2023-10-06T07:21:26.783Z 10: window.closed win1
2023-10-06T07:24:46.552Z 11: window.close win2
2023-10-06T07:37:42.116Z 12: window.close win2
2023-10-06T07:37:42.129Z 13: ❌ child-process-gone {
  type: 'Utility',
  reason: 'killed',
  exitCode: 15,
  serviceName: 'network.mojom.NetworkService',
  name: 'Network Service'
}
