[10/12/2023, 3:33:38 PM] XDG_CONFIG_HOME=/home/dennysesay/.config/heroic/legendaryConfig /opt/Heroic/resources/app.asar.unpacked/build/bin/linux/legendary --version
legendary version "0.20.32", codename "Dark Energy (hotfix #6)"
[10/12/2023, 3:33:39 PM] XDG_CONFIG_HOME=/home/dennysesay/.config/heroic/legendaryConfig /opt/Heroic/resources/app.asar.unpacked/build/bin/linux/legendary list --third-party
[10/12/2023, 3:33:39 PM] XDG_CONFIG_HOME=/home/dennysesay/.config/heroic/legendaryConfig /opt/Heroic/resources/app.asar.unpacked/build/bin/linux/legendary list --third-party
[cli] INFO: Logging in...
[Core] INFO: Trying to re-use existing login session...
[cli] INFO: Getting game list... (this may take a while)

Available games:
 * Fall Guys (App name: 0a2d9f6403244d12969e11da6713137b | Version: EGS_4919)
 * Fortnite (App name: Fortnite | Version: ++Fortnite+Release-26.30-CL-28509302-Windows)
 * Honkai Impact 3rd (App name: 0dc22b543a40440fab5a98d1e40c02c1 | Version: 2.25.2)
 * MultiVersus (App name: 711c5e95dc094ca58e5f16bd48e751d6 | Version: 80480)
 * Rocket League® (App name: Sugar | Version: BC2_Update45+430366)
 * Trackmania (App name: Pigeon | Version: 1.3)
  - This game can be activated directly on your Ubisoft account and does not require legendary to install/run. Use "legendary activate --uplay" and follow the instructions.
 * VALORANT (App name: 602eb4abc8764c87b7f2607a1ef8c18e | Version: 4352238-29145)

Total: 7

Legendary update available!
- New version: 0.20.33 - "Undue Alarm"
- Release summary:
 [*] Improved handling of SDL changes
 [*] Added safeguards to prevent two simultaneous instances from corrupting the database
 [*] Added support for running uninstallers
 [*] More gracefully handles account errors
See full changelog for additional details.
- Release URL: https://legendary.gl/release/0.20.33

- Download URL: https://legendary.gl/release/download/0.20.33/legendary
[10/12/2023, 3:35:19 PM] HEROIC_APP_NAME=Sugar HEROIC_APP_RUNNER=legendary HEROIC_APP_SOURCE=epic LD_PRELOAD= DOTNET_BUNDLE_EXTRACT_BASE_DIR= WINEPREFIX=/home/dennysesay/Games/Heroic/Prefixes/default WINEDLLOVERRIDES=winemenubuilder.exe=d WINE_FULLSCREEN_FSR=0 WINEESYNC=1 WINEFSYNC=1 ORIG_LD_LIBRARY_PATH= XDG_CONFIG_HOME=/home/dennysesay/.config/heroic/legendaryConfig /opt/Heroic/resources/app.asar.unpacked/build/bin/linux/legendary launch Sugar --wine /sbin/wine --language en
[cli] INFO: Logging in...
[Core] INFO: Trying to re-use existing login session...
[cli] INFO: Checking for updates...
[Core] INFO: Getting authentication token...
[cli] INFO: Launching Sugar...

Legendary update available!
- New version: 0.20.33 - "Undue Alarm"
- Release summary:
 [*] Improved handling of SDL changes
 [*] Added safeguards to prevent two simultaneous instances from corrupting the database
 [*] Added support for running uninstallers
 [*] More gracefully handles account errors
See full changelog for additional details.
- Release URL: https://legendary.gl/release/0.20.33

- Download URL: https://legendary.gl/release/download/0.20.33/legendary
002c:err:wineboot:process_run_key Error running cmd L"C:\\windows\\system32\\winemenubuilder.exe -a -r" (126).
007c:fixme:hid:handle_IRP_MN_QUERY_ID Unhandled type 00000005
007c:fixme:hid:handle_IRP_MN_QUERY_ID Unhandled type 00000005
007c:fixme:hid:handle_IRP_MN_QUERY_ID Unhandled type 00000005
007c:fixme:hid:handle_IRP_MN_QUERY_ID Unhandled type 00000005
00cc:fixme:ntdll:NtQuerySystemInformation info_class SYSTEM_PERFORMANCE_INFORMATION
00cc:err:winediag:ntlm_check_version ntlm_auth was not found. Make sure that ntlm_auth >= 3.0.25 is in your path. Usually, you can find it in the winbind package of your distribution.
00cc:err:ntlm:ntlm_LsaApInitializePackage no NTLM support, expect problems
info:  Game: RocketLeague.exe
info:  DXVK: v2.3
info:  Vulkan: Found vkGetInstanceProcAddr in winevulkan.dll @ 0x2d4ad3f40
info:  Built-in extension providers:
info:    Win32 WSI
info:    OpenVR
info:    OpenXR
info:  OpenVR: could not open registry key, status 2
info:  OpenVR: Failed to locate module
info:  Enabled instance extensions:
info:    VK_KHR_get_surface_capabilities2
info:    VK_KHR_surface
info:    VK_KHR_win32_surface
00cc:err:vulkan:wine_vkCreateInstance Failed to create instance, res=-9
err:   DxvkInstance::createInstance: Failed to create Vulkan 1.1 instance
Warning, Command line -d3d11 set, but D3D11 is not supported on this machine.  Will fallback to older API.
00cc:fixme:dbghelp:elf_search_auxv can't find symbol in module
00cc:fixme:dbghelp:elf_search_auxv can't find symbol in module
00cc:fixme:dbghelp:elf_search_auxv can't find symbol in module
00cc:fixme:dbghelp:elf_search_auxv can't find symbol in module
00cc:fixme:dbghelp:elf_search_auxv can't find symbol in module
00cc:fixme:dbghelp:elf_search_auxv can't find symbol in module
00cc:fixme:dbghelp:elf_search_auxv can't find symbol in module
00cc:fixme:dbghelp:elf_search_auxv can't find symbol in module
00cc:fixme:dbghelp:elf_search_auxv can't find symbol in module
00cc:fixme:dbghelp:elf_search_auxv can't find symbol in module
00cc:fixme:dbghelp:elf_search_auxv can't find symbol in module
00cc:fixme:dbghelp:elf_search_auxv can't find symbol in module
00cc:fixme:dbghelp:elf_search_auxv can't find symbol in module
00cc:fixme:dbghelp:elf_search_auxv can't find symbol in module
00cc:fixme:dbghelp:elf_search_auxv can't find symbol in module
00cc:fixme:dbghelp:elf_search_auxv can't find symbol in module
00cc:fixme:dbghelp:elf_search_auxv can't find symbol in module
00cc:fixme:dbghelp:elf_search_auxv can't find symbol in module
00cc:fixme:dbghelp:elf_search_auxv can't find symbol in module
00cc:fixme:dbghelp:elf_search_auxv can't find symbol in module
00cc:fixme:dbghelp:elf_search_auxv can't find symbol in module
00cc:fixme:dbghelp:elf_search_auxv can't find symbol in module
00cc:fixme:dbghelp:elf_search_auxv can't find symbol in module
00cc:fixme:dbghelp:elf_search_auxv can't find symbol in module
00cc:fixme:dbghelp:elf_search_auxv can't find symbol in module
00cc:fixme:dbghelp:elf_search_auxv can't find symbol in module
00cc:fixme:dbghelp:elf_search_auxv can't find symbol in module
00cc:fixme:dbghelp:elf_search_auxv can't find symbol in module
00cc:fixme:dbghelp:elf_search_auxv can't find symbol in module
00cc:fixme:dbghelp:elf_search_auxv can't find symbol in module
00cc:fixme:dbghelp:elf_search_auxv can't find symbol in module
00cc:fixme:dbghelp:elf_search_auxv can't find symbol in module
00cc:fixme:dbghelp:elf_search_auxv can't find symbol in module
00cc:fixme:dbghelp:elf_search_auxv can't find symbol in module
00cc:fixme:dbghelp:elf_search_auxv can't find symbol in module
00cc:fixme:dbghelp:elf_search_auxv can't find symbol in module
00cc:fixme:dbghelp:elf_search_auxv can't find symbol in module
00cc:fixme:dbghelp:elf_search_auxv can't find symbol in module
00cc:fixme:dbghelp:elf_search_auxv can't find symbol in module
00cc:fixme:dbghelp:elf_search_auxv can't find symbol in module
00cc:fixme:dbghelp:elf_search_auxv can't find symbol in module
00cc:fixme:dbghelp:elf_search_auxv can't find symbol in module
00cc:fixme:dbghelp:elf_search_auxv can't find symbol in module
00cc:fixme:dbghelp:elf_search_auxv can't find symbol in module
00cc:fixme:dbghelp:elf_search_auxv can't find symbol in module
00cc:fixme:dbghelp:elf_search_auxv can't find symbol in module
00cc:fixme:dbghelp:elf_search_auxv can't find symbol in module
00cc:fixme:dbghelp:elf_search_auxv can't find symbol in module
00cc:fixme:dbghelp:elf_search_auxv can't find symbol in module
00cc:fixme:dbghelp:elf_search_auxv can't find symbol in module
00cc:fixme:dbghelp:elf_search_auxv can't find symbol in module
00cc:fixme:dbghelp:elf_search_auxv can't find symbol in module
00cc:fixme:dbghelp:elf_search_auxv can't find symbol in module
00cc:fixme:dbghelp:elf_search_auxv can't find symbol in module
00cc:fixme:dbghelp:elf_search_auxv can't find symbol in module
00cc:fixme:dbghelp:elf_search_auxv can't find symbol in module
00cc:fixme:dbghelp:elf_search_auxv can't find symbol in module
00cc:fixme:dbghelp:elf_search_auxv can't find symbol in module
00cc:fixme:dbghelp:elf_search_auxv can't find symbol in module
00cc:fixme:dbghelp:elf_search_auxv can't find symbol in module
00cc:fixme:dbghelp:elf_search_auxv can't find symbol in module
00cc:fixme:dbghelp:elf_search_auxv can't find symbol in module
00cc:fixme:dbghelp:elf_search_auxv can't find symbol in module
00cc:fixme:dbghelp:elf_search_auxv can't find symbol in module
00cc:fixme:dbghelp:elf_search_auxv can't find symbol in module
00cc:fixme:dbghelp:elf_search_auxv can't find symbol in module
00cc:fixme:dbghelp:elf_search_auxv can't find symbol in module
00cc:fixme:dbghelp:elf_search_auxv can't find symbol in module
00cc:fixme:dbghelp:elf_search_auxv can't find symbol in module
00cc:fixme:dbghelp:elf_search_auxv can't find symbol in module
00cc:fixme:dbghelp:elf_search_auxv can't find symbol in module
00cc:fixme:dbghelp:elf_search_auxv can't find symbol in module
00cc:fixme:dbghelp:elf_search_auxv can't find symbol in module
00cc:fixme:dbghelp:elf_search_auxv can't find symbol in module
00cc:fixme:dbghelp:elf_search_auxv can't find symbol in module
00cc:fixme:dbghelp:elf_search_auxv can't find symbol in module
00cc:fixme:dbghelp:elf_search_auxv can't find symbol in module
00cc:fixme:dbghelp:elf_search_auxv can't find symbol in module
00cc:fixme:dbghelp:elf_search_auxv can't find symbol in module
00cc:fixme:dbghelp:elf_search_auxv can't find symbol in module
00cc:fixme:dbghelp:elf_search_auxv can't find symbol in module
00cc:fixme:dbghelp:elf_search_auxv can't find symbol in module
00cc:fixme:dbghelp:elf_search_auxv can't find symbol in module
00cc:fixme:dbghelp:elf_search_auxv can't find symbol in module
00cc:fixme:dbghelp:elf_search_auxv can't find symbol in module
00cc:fixme:dbghelp:elf_search_auxv can't find symbol in module
00cc:fixme:dbghelp:elf_search_auxv can't find symbol in module
00cc:fixme:dbghelp:elf_search_auxv can't find symbol in module
00cc:fixme:dbghelp:elf_search_auxv can't find symbol in module
00cc:fixme:dbghelp:elf_search_auxv can't find symbol in module
00cc:fixme:dbghelp:elf_search_auxv can't find symbol in module
00cc:fixme:dbghelp:elf_search_auxv can't find symbol in module
00cc:fixme:dbghelp:elf_search_auxv can't find symbol in module
00cc:fixme:dbghelp:elf_search_auxv can't find symbol in module
00cc:fixme:dbghelp:elf_search_auxv can't find symbol in module
00cc:fixme:dbghelp:elf_search_auxv can't find symbol in module
00cc:fixme:dbghelp:elf_search_auxv can't find symbol in module
00cc:fixme:dbghelp:elf_search_auxv can't find symbol in module
00cc:fixme:dbghelp:elf_search_auxv can't find symbol in module
00cc:fixme:dbghelp:elf_search_auxv can't find symbol in module
00cc:fixme:dbghelp:elf_search_auxv can't find symbol in module
00cc:fixme:dbghelp:elf_search_auxv can't find symbol in module
00cc:fixme:dbghelp:elf_search_auxv can't find symbol in module
00cc:fixme:dbghelp:elf_search_auxv can't find symbol in module
00cc:fixme:dbghelp:elf_search_auxv can't find symbol in module
00cc:fixme:dbghelp:elf_search_auxv can't find symbol in module
00cc:fixme:dbghelp:elf_search_auxv can't find symbol in module
00cc:fixme:dbghelp:elf_search_auxv can't find symbol in module
00cc:fixme:dbghelp:elf_search_auxv can't find symbol in module
00cc:fixme:dbghelp:elf_search_auxv can't find symbol in module
00cc:fixme:dbghelp:elf_search_auxv can't find symbol in module
00cc:fixme:dbghelp:elf_search_auxv can't find symbol in module
00cc:fixme:dbghelp:elf_search_auxv can't find symbol in module
00cc:fixme:dbghelp:elf_search_auxv can't find symbol in module
00cc:fixme:dbghelp:elf_search_auxv can't find symbol in module
00cc:fixme:dbghelp:elf_search_auxv can't find symbol in module
00cc:fixme:dbghelp:elf_search_auxv can't find symbol in module
00cc:fixme:dbghelp:elf_search_auxv can't find symbol in module
00cc:fixme:dbghelp:elf_search_auxv can't find symbol in module
00cc:fixme:dbghelp:elf_search_auxv can't find symbol in module
00cc:fixme:dbghelp:elf_search_auxv can't find symbol in module
00cc:fixme:dbghelp:elf_search_auxv can't find symbol in module
00cc:fixme:dbghelp:elf_search_auxv can't find symbol in module
00cc:fixme:dbghelp:elf_search_auxv can't find symbol in module
00cc:fixme:dbghelp:elf_search_auxv can't find symbol in module
00cc:fixme:dbghelp:elf_search_auxv can't find symbol in module
00cc:fixme:dbghelp:elf_search_auxv can't find symbol in module
00cc:fixme:dbghelp:elf_search_auxv can't find symbol in module
00cc:fixme:dbghelp:elf_search_auxv can't find symbol in module
00cc:fixme:dbghelp:elf_search_auxv can't find symbol in module
00cc:fixme:dbghelp:elf_search_auxv can't find symbol in module
00cc:fixme:dbghelp:elf_search_auxv can't find symbol in module
00cc:fixme:dbghelp:elf_search_auxv can't find symbol in module
00cc:fixme:dbghelp:elf_search_auxv can't find symbol in module
00cc:fixme:dbghelp:elf_search_auxv can't find symbol in module
00cc:fixme:dbghelp:elf_search_auxv can't find symbol in module
00cc:fixme:dbghelp:elf_search_auxv can't find symbol in module
00cc:fixme:dbghelp:elf_search_auxv can't find symbol in module
00cc:fixme:dbghelp:elf_search_auxv can't find symbol in module
00cc:fixme:dbghelp:elf_search_auxv can't find symbol in module
00cc:fixme:dbghelp:elf_search_auxv can't find symbol in module
00cc:fixme:dbghelp:elf_search_auxv can't find symbol in module
00cc:fixme:dbghelp:elf_search_auxv can't find symbol in module
00cc:fixme:dbghelp:elf_search_auxv can't find symbol in module
00cc:fixme:dbghelp:elf_search_auxv can't find symbol in module
00cc:fixme:dbghelp:elf_search_auxv can't find symbol in module
00cc:fixme:dbghelp:elf_search_auxv can't find symbol in module
00cc:fixme:dbghelp:elf_search_auxv can't find symbol in module
00cc:fixme:dbghelp:elf_search_auxv can't find symbol in module
00cc:fixme:dbghelp:elf_search_auxv can't find symbol in module
00cc:fixme:dbghelp:elf_search_auxv can't find symbol in module
00cc:fixme:dbghelp:elf_search_auxv can't find symbol in module
00cc:fixme:dbghelp:elf_search_auxv can't find symbol in module
00cc:fixme:dbghelp:elf_search_auxv can't find symbol in module
00cc:fixme:dbghelp:elf_search_auxv can't find symbol in module
00cc:fixme:dbghelp:elf_search_auxv can't find symbol in module
00cc:fixme:dbghelp:elf_search_auxv can't find symbol in module
00cc:fixme:dbghelp:elf_search_auxv can't find symbol in module
00cc:fixme:dbghelp:elf_search_auxv can't find symbol in module
00cc:fixme:dbghelp:elf_search_auxv can't find symbol in module
00cc:fixme:dbghelp:elf_search_auxv can't find symbol in module
00cc:fixme:dbghelp:elf_search_auxv can't find symbol in module
00cc:fixme:dbghelp:elf_search_auxv can't find symbol in module
00cc:fixme:dbghelp:elf_search_auxv can't find symbol in module
00cc:fixme:dbghelp:elf_search_auxv can't find symbol in module
00cc:fixme:dbghelp:elf_search_auxv can't find symbol in module
00cc:fixme:dbghelp:elf_search_auxv can't find symbol in module
00cc:fixme:dbghelp:elf_search_auxv can't find symbol in module
00cc:fixme:dbghelp:elf_search_auxv can't find symbol in module
00cc:fixme:dbghelp:elf_search_auxv can't find symbol in module
00cc:fixme:dbghelp:elf_search_auxv can't find symbol in module
00cc:fixme:dbghelp:elf_search_auxv can't find symbol in module
00cc:fixme:dbghelp:elf_search_auxv can't find symbol in module
00cc:fixme:dbghelp:elf_search_auxv can't find symbol in module
00cc:fixme:dbghelp:elf_search_auxv can't find symbol in module
00cc:fixme:dbghelp:elf_search_auxv can't find symbol in module
00cc:fixme:dbghelp:elf_search_auxv can't find symbol in module
00cc:fixme:dbghelp:elf_search_auxv can't find symbol in module
00cc:fixme:dbghelp:elf_search_auxv can't find symbol in module
00cc:fixme:dbghelp:elf_search_auxv can't find symbol in module
00cc:fixme:dbghelp:elf_search_auxv can't find symbol in module
00cc:fixme:dbghelp:elf_search_auxv can't find symbol in module
00cc:fixme:dbghelp:elf_search_auxv can't find symbol in module
00cc:fixme:dbghelp:elf_search_auxv can't find symbol in module
00cc:fixme:dbghelp:elf_search_auxv can't find symbol in module
00cc:fixme:dbghelp:elf_search_auxv can't find symbol in module
00cc:fixme:dbghelp:elf_search_auxv can't find symbol in module
00cc:fixme:dbghelp:elf_search_auxv can't find symbol in module
00cc:fixme:dbghelp:elf_search_auxv can't find symbol in module
00cc:fixme:dbghelp:elf_search_auxv can't find symbol in module
00cc:fixme:dbghelp:elf_search_auxv can't find symbol in module
00cc:fixme:dbghelp:elf_search_auxv can't find symbol in module
00cc:fixme:dbghelp:elf_search_auxv can't find symbol in module
00cc:fixme:dbghelp:elf_search_auxv can't find symbol in module
00cc:fixme:dbghelp:elf_search_auxv can't find symbol in module
00cc:fixme:dbghelp:elf_search_auxv can't find symbol in module
00cc:fixme:dbghelp:elf_search_auxv can't find symbol in module
00cc:fixme:dbghelp:elf_search_auxv can't find symbol in module
00cc:fixme:faultrep:ReportFault 00007FFFFE5CEA10 0x0 stub
[10/12/2023, 3:35:38 PM] XDG_CONFIG_HOME=/home/dennysesay/.config/heroic/legendaryConfig /opt/Heroic/resources/app.asar.unpacked/build/bin/linux/legendary list --third-party
[cli] INFO: Logging in...
[Core] INFO: Trying to re-use existing login session...
[cli] INFO: Getting game list... (this may take a while)

Available games:
 * Fall Guys (App name: 0a2d9f6403244d12969e11da6713137b | Version: EGS_4919)
 * Fortnite (App name: Fortnite | Version: ++Fortnite+Release-26.30-CL-28509302-Windows)
 * Honkai Impact 3rd (App name: 0dc22b543a40440fab5a98d1e40c02c1 | Version: 2.25.2)
 * MultiVersus (App name: 711c5e95dc094ca58e5f16bd48e751d6 | Version: 80480)
 * Rocket League® (App name: Sugar | Version: BC2_Update45+430366)
 * Trackmania (App name: Pigeon | Version: 1.3)
  - This game can be activated directly on your Ubisoft account and does not require legendary to install/run. Use "legendary activate --uplay" and follow the instructions.
 * VALORANT (App name: 602eb4abc8764c87b7f2607a1ef8c18e | Version: 4352238-29145)

Total: 7

Legendary update available!
- New version: 0.20.33 - "Undue Alarm"
- Release summary:
 [*] Improved handling of SDL changes
 [*] Added safeguards to prevent two simultaneous instances from corrupting the database
 [*] Added support for running uninstallers
 [*] More gracefully handles account errors
See full changelog for additional details.
- Release URL: https://legendary.gl/release/0.20.33

- Download URL: https://legendary.gl/release/download/0.20.33/legendary
[10/12/2023, 3:35:46 PM] HEROIC_APP_NAME=Sugar HEROIC_APP_RUNNER=legendary HEROIC_APP_SOURCE=epic LD_PRELOAD= DOTNET_BUNDLE_EXTRACT_BASE_DIR= WINEPREFIX=/home/dennysesay/Games/Heroic/Prefixes/default WINEDLLOVERRIDES=winemenubuilder.exe=d WINE_FULLSCREEN_FSR=0 WINEESYNC=1 WINEFSYNC=1 ORIG_LD_LIBRARY_PATH= XDG_CONFIG_HOME=/home/dennysesay/.config/heroic/legendaryConfig /opt/Heroic/resources/app.asar.unpacked/build/bin/linux/legendary launch Sugar --wine /sbin/wine --language en
[cli] INFO: Logging in...
[Core] INFO: Trying to re-use existing login session...
[cli] INFO: Checking for updates...
[Core] INFO: Getting authentication token...
[cli] INFO: Launching Sugar...

Legendary update available!
- New version: 0.20.33 - "Undue Alarm"
- Release summary:
 [*] Improved handling of SDL changes
 [*] Added safeguards to prevent two simultaneous instances from corrupting the database
 [*] Added support for running uninstallers
 [*] More gracefully handles account errors
See full changelog for additional details.
- Release URL: https://legendary.gl/release/0.20.33

- Download URL: https://legendary.gl/release/download/0.20.33/legendary
002c:err:wineboot:process_run_key Error running cmd L"C:\\windows\\system32\\winemenubuilder.exe -a -r" (126).
007c:fixme:hid:handle_IRP_MN_QUERY_ID Unhandled type 00000005
007c:fixme:hid:handle_IRP_MN_QUERY_ID Unhandled type 00000005
007c:fixme:hid:handle_IRP_MN_QUERY_ID Unhandled type 00000005
007c:fixme:hid:handle_IRP_MN_QUERY_ID Unhandled type 00000005
00cc:fixme:ntdll:NtQuerySystemInformation info_class SYSTEM_PERFORMANCE_INFORMATION
00cc:err:winediag:ntlm_check_version ntlm_auth was not found. Make sure that ntlm_auth >= 3.0.25 is in your path. Usually, you can find it in the winbind package of your distribution.
00cc:err:ntlm:ntlm_LsaApInitializePackage no NTLM support, expect problems
info:  Game: RocketLeague.exe
info:  DXVK: v2.3
info:  Vulkan: Found vkGetInstanceProcAddr in winevulkan.dll @ 0x2d4ad3f40
info:  Built-in extension providers:
info:    Win32 WSI
info:    OpenVR
info:    OpenXR
info:  OpenVR: could not open registry key, status 2
info:  OpenVR: Failed to locate module
info:  Enabled instance extensions:
info:    VK_KHR_get_surface_capabilities2
info:    VK_KHR_surface
info:    VK_KHR_win32_surface
00cc:err:vulkan:wine_vkCreateInstance Failed to create instance, res=-9
err:   DxvkInstance::createInstance: Failed to create Vulkan 1.1 instance
Warning, Command line -d3d11 set, but D3D11 is not supported on this machine.  Will fallback to older API.
00cc:fixme:dbghelp:elf_search_auxv can't find symbol in module
00cc:fixme:dbghelp:elf_search_auxv can't find symbol in module
00cc:fixme:dbghelp:elf_search_auxv can't find symbol in module
00cc:fixme:dbghelp:elf_search_auxv can't find symbol in module
00cc:fixme:dbghelp:elf_search_auxv can't find symbol in module
00cc:fixme:dbghelp:elf_search_auxv can't find symbol in module
00cc:fixme:dbghelp:elf_search_auxv can't find symbol in module
00cc:fixme:dbghelp:elf_search_auxv can't find symbol in module
00cc:fixme:dbghelp:elf_search_auxv can't find symbol in module
00cc:fixme:dbghelp:elf_search_auxv can't find symbol in module
00cc:fixme:dbghelp:elf_search_auxv can't find symbol in module
00cc:fixme:dbghelp:elf_search_auxv can't find symbol in module
00cc:fixme:dbghelp:elf_search_auxv can't find symbol in module
00cc:fixme:dbghelp:elf_search_auxv can't find symbol in module
00cc:fixme:dbghelp:elf_search_auxv can't find symbol in module
00cc:fixme:dbghelp:elf_search_auxv can't find symbol in module
00cc:fixme:dbghelp:elf_search_auxv can't find symbol in module
00cc:fixme:dbghelp:elf_search_auxv can't find symbol in module
00cc:fixme:dbghelp:elf_search_auxv can't find symbol in module
00cc:fixme:dbghelp:elf_search_auxv can't find symbol in module
00cc:fixme:dbghelp:elf_search_auxv can't find symbol in module
00cc:fixme:dbghelp:elf_search_auxv can't find symbol in module
00cc:fixme:dbghelp:elf_search_auxv can't find symbol in module
00cc:fixme:dbghelp:elf_search_auxv can't find symbol in module
00cc:fixme:dbghelp:elf_search_auxv can't find symbol in module
00cc:fixme:dbghelp:elf_search_auxv can't find symbol in module
00cc:fixme:dbghelp:elf_search_auxv can't find symbol in module
00cc:fixme:dbghelp:elf_search_auxv can't find symbol in module
00cc:fixme:dbghelp:elf_search_auxv can't find symbol in module
00cc:fixme:dbghelp:elf_search_auxv can't find symbol in module
00cc:fixme:dbghelp:elf_search_auxv can't find symbol in module
00cc:fixme:dbghelp:elf_search_auxv can't find symbol in module
00cc:fixme:dbghelp:elf_search_auxv can't find symbol in module
00cc:fixme:dbghelp:elf_search_auxv can't find symbol in module
00cc:fixme:dbghelp:elf_search_auxv can't find symbol in module
00cc:fixme:dbghelp:elf_search_auxv can't find symbol in module
00cc:fixme:dbghelp:elf_search_auxv can't find symbol in module
00cc:fixme:dbghelp:elf_search_auxv can't find symbol in module
00cc:fixme:dbghelp:elf_search_auxv can't find symbol in module
00cc:fixme:dbghelp:elf_search_auxv can't find symbol in module
00cc:fixme:dbghelp:elf_search_auxv can't find symbol in module
00cc:fixme:dbghelp:elf_search_auxv can't find symbol in module
00cc:fixme:dbghelp:elf_search_auxv can't find symbol in module
00cc:fixme:dbghelp:elf_search_auxv can't find symbol in module
00cc:fixme:dbghelp:elf_search_auxv can't find symbol in module
00cc:fixme:dbghelp:elf_search_auxv can't find symbol in module
00cc:fixme:dbghelp:elf_search_auxv can't find symbol in module
00cc:fixme:dbghelp:elf_search_auxv can't find symbol in module
00cc:fixme:dbghelp:elf_search_auxv can't find symbol in module
00cc:fixme:dbghelp:elf_search_auxv can't find symbol in module
00cc:fixme:dbghelp:elf_search_auxv can't find symbol in module
00cc:fixme:dbghelp:elf_search_auxv can't find symbol in module
00cc:fixme:dbghelp:elf_search_auxv can't find symbol in module
00cc:fixme:dbghelp:elf_search_auxv can't find symbol in module
00cc:fixme:dbghelp:elf_search_auxv can't find symbol in module
00cc:fixme:dbghelp:elf_search_auxv can't find symbol in module
00cc:fixme:dbghelp:elf_search_auxv can't find symbol in module
00cc:fixme:dbghelp:elf_search_auxv can't find symbol in module
00cc:fixme:dbghelp:elf_search_auxv can't find symbol in module
00cc:fixme:dbghelp:elf_search_auxv can't find symbol in module
00cc:fixme:dbghelp:elf_search_auxv can't find symbol in module
00cc:fixme:dbghelp:elf_search_auxv can't find symbol in module
00cc:fixme:dbghelp:elf_search_auxv can't find symbol in module
00cc:fixme:dbghelp:elf_search_auxv can't find symbol in module
00cc:fixme:dbghelp:elf_search_auxv can't find symbol in module
00cc:fixme:dbghelp:elf_search_auxv can't find symbol in module
00cc:fixme:dbghelp:elf_search_auxv can't find symbol in module
00cc:fixme:dbghelp:elf_search_auxv can't find symbol in module
00cc:fixme:dbghelp:elf_search_auxv can't find symbol in module
00cc:fixme:dbghelp:elf_search_auxv can't find symbol in module
00cc:fixme:dbghelp:elf_search_auxv can't find symbol in module
00cc:fixme:dbghelp:elf_search_auxv can't find symbol in module
00cc:fixme:dbghelp:elf_search_auxv can't find symbol in module
00cc:fixme:dbghelp:elf_search_auxv can't find symbol in module
00cc:fixme:dbghelp:elf_search_auxv can't find symbol in module
00cc:fixme:dbghelp:elf_search_auxv can't find symbol in module
00cc:fixme:dbghelp:elf_search_auxv can't find symbol in module
00cc:fixme:dbghelp:elf_search_auxv can't find symbol in module
00cc:fixme:dbghelp:elf_search_auxv can't find symbol in module
00cc:fixme:dbghelp:elf_search_auxv can't find symbol in module
00cc:fixme:dbghelp:elf_search_auxv can't find symbol in module
00cc:fixme:dbghelp:elf_search_auxv can't find symbol in module
00cc:fixme:dbghelp:elf_search_auxv can't find symbol in module
00cc:fixme:dbghelp:elf_search_auxv can't find symbol in module
00cc:fixme:dbghelp:elf_search_auxv can't find symbol in module
00cc:fixme:dbghelp:elf_search_auxv can't find symbol in module
00cc:fixme:dbghelp:elf_search_auxv can't find symbol in module
00cc:fixme:dbghelp:elf_search_auxv can't find symbol in module
00cc:fixme:dbghelp:elf_search_auxv can't find symbol in module
00cc:fixme:dbghelp:elf_search_auxv can't find symbol in module
00cc:fixme:dbghelp:elf_search_auxv can't find symbol in module
00cc:fixme:dbghelp:elf_search_auxv can't find symbol in module
00cc:fixme:dbghelp:elf_search_auxv can't find symbol in module
00cc:fixme:dbghelp:elf_search_auxv can't find symbol in module
00cc:fixme:dbghelp:elf_search_auxv can't find symbol in module
00cc:fixme:dbghelp:elf_search_auxv can't find symbol in module
00cc:fixme:dbghelp:elf_search_auxv can't find symbol in module
00cc:fixme:dbghelp:elf_search_auxv can't find symbol in module
00cc:fixme:dbghelp:elf_search_auxv can't find symbol in module
00cc:fixme:dbghelp:elf_search_auxv can't find symbol in module
00cc:fixme:dbghelp:elf_search_auxv can't find symbol in module
00cc:fixme:dbghelp:elf_search_auxv can't find symbol in module
00cc:fixme:dbghelp:elf_search_auxv can't find symbol in module
00cc:fixme:dbghelp:elf_search_auxv can't find symbol in module
00cc:fixme:dbghelp:elf_search_auxv can't find symbol in module
00cc:fixme:dbghelp:elf_search_auxv can't find symbol in module
00cc:fixme:dbghelp:elf_search_auxv can't find symbol in module
00cc:fixme:dbghelp:elf_search_auxv can't find symbol in module
00cc:fixme:dbghelp:elf_search_auxv can't find symbol in module
00cc:fixme:dbghelp:elf_search_auxv can't find symbol in module
00cc:fixme:dbghelp:elf_search_auxv can't find symbol in module
00cc:fixme:dbghelp:elf_search_auxv can't find symbol in module
00cc:fixme:dbghelp:elf_search_auxv can't find symbol in module
00cc:fixme:dbghelp:elf_search_auxv can't find symbol in module
00cc:fixme:dbghelp:elf_search_auxv can't find symbol in module
00cc:fixme:dbghelp:elf_search_auxv can't find symbol in module
00cc:fixme:dbghelp:elf_search_auxv can't find symbol in module
00cc:fixme:dbghelp:elf_search_auxv can't find symbol in module
00cc:fixme:dbghelp:elf_search_auxv can't find symbol in module
00cc:fixme:dbghelp:elf_search_auxv can't find symbol in module
00cc:fixme:dbghelp:elf_search_auxv can't find symbol in module
00cc:fixme:dbghelp:elf_search_auxv can't find symbol in module
00cc:fixme:dbghelp:elf_search_auxv can't find symbol in module
00cc:fixme:dbghelp:elf_search_auxv can't find symbol in module
00cc:fixme:dbghelp:elf_search_auxv can't find symbol in module
00cc:fixme:dbghelp:elf_search_auxv can't find symbol in module
00cc:fixme:dbghelp:elf_search_auxv can't find symbol in module
00cc:fixme:dbghelp:elf_search_auxv can't find symbol in module
00cc:fixme:dbghelp:elf_search_auxv can't find symbol in module
00cc:fixme:dbghelp:elf_search_auxv can't find symbol in module
00cc:fixme:dbghelp:elf_search_auxv can't find symbol in module
00cc:fixme:dbghelp:elf_search_auxv can't find symbol in module
00cc:fixme:dbghelp:elf_search_auxv can't find symbol in module
00cc:fixme:dbghelp:elf_search_auxv can't find symbol in module
00cc:fixme:dbghelp:elf_search_auxv can't find symbol in module
00cc:fixme:dbghelp:elf_search_auxv can't find symbol in module
00cc:fixme:dbghelp:elf_search_auxv can't find symbol in module
00cc:fixme:dbghelp:elf_search_auxv can't find symbol in module
00cc:fixme:dbghelp:elf_search_auxv can't find symbol in module
00cc:fixme:dbghelp:elf_search_auxv can't find symbol in module
00cc:fixme:dbghelp:elf_search_auxv can't find symbol in module
00cc:fixme:dbghelp:elf_search_auxv can't find symbol in module
00cc:fixme:dbghelp:elf_search_auxv can't find symbol in module
00cc:fixme:dbghelp:elf_search_auxv can't find symbol in module
00cc:fixme:dbghelp:elf_search_auxv can't find symbol in module
00cc:fixme:dbghelp:elf_search_auxv can't find symbol in module
00cc:fixme:dbghelp:elf_search_auxv can't find symbol in module
00cc:fixme:dbghelp:elf_search_auxv can't find symbol in module
00cc:fixme:dbghelp:elf_search_auxv can't find symbol in module
00cc:fixme:dbghelp:elf_search_auxv can't find symbol in module
00cc:fixme:dbghelp:elf_search_auxv can't find symbol in module
00cc:fixme:dbghelp:elf_search_auxv can't find symbol in module
00cc:fixme:dbghelp:elf_search_auxv can't find symbol in module
00cc:fixme:dbghelp:elf_search_auxv can't find symbol in module
00cc:fixme:dbghelp:elf_search_auxv can't find symbol in module
00cc:fixme:dbghelp:elf_search_auxv can't find symbol in module
00cc:fixme:dbghelp:elf_search_auxv can't find symbol in module
00cc:fixme:dbghelp:elf_search_auxv can't find symbol in module
00cc:fixme:dbghelp:elf_search_auxv can't find symbol in module
00cc:fixme:dbghelp:elf_search_auxv can't find symbol in module
00cc:fixme:dbghelp:elf_search_auxv can't find symbol in module
00cc:fixme:dbghelp:elf_search_auxv can't find symbol in module
00cc:fixme:dbghelp:elf_search_auxv can't find symbol in module
00cc:fixme:dbghelp:elf_search_auxv can't find symbol in module
00cc:fixme:dbghelp:elf_search_auxv can't find symbol in module
00cc:fixme:dbghelp:elf_search_auxv can't find symbol in module
00cc:fixme:dbghelp:elf_search_auxv can't find symbol in module
00cc:fixme:dbghelp:elf_search_auxv can't find symbol in module
00cc:fixme:dbghelp:elf_search_auxv can't find symbol in module
00cc:fixme:dbghelp:elf_search_auxv can't find symbol in module
00cc:fixme:dbghelp:elf_search_auxv can't find symbol in module
00cc:fixme:dbghelp:elf_search_auxv can't find symbol in module
00cc:fixme:dbghelp:elf_search_auxv can't find symbol in module
00cc:fixme:dbghelp:elf_search_auxv can't find symbol in module
00cc:fixme:dbghelp:elf_search_auxv can't find symbol in module
00cc:fixme:dbghelp:elf_search_auxv can't find symbol in module
00cc:fixme:dbghelp:elf_search_auxv can't find symbol in module
00cc:fixme:dbghelp:elf_search_auxv can't find symbol in module
00cc:fixme:dbghelp:elf_search_auxv can't find symbol in module
00cc:fixme:dbghelp:elf_search_auxv can't find symbol in module
00cc:fixme:dbghelp:elf_search_auxv can't find symbol in module
00cc:fixme:dbghelp:elf_search_auxv can't find symbol in module
00cc:fixme:dbghelp:elf_search_auxv can't find symbol in module
00cc:fixme:dbghelp:elf_search_auxv can't find symbol in module
00cc:fixme:dbghelp:elf_search_auxv can't find symbol in module
00cc:fixme:dbghelp:elf_search_auxv can't find symbol in module
00cc:fixme:dbghelp:elf_search_auxv can't find symbol in module
00cc:fixme:dbghelp:elf_search_auxv can't find symbol in module
00cc:fixme:dbghelp:elf_search_auxv can't find symbol in module
00cc:fixme:dbghelp:elf_search_auxv can't find symbol in module
00cc:fixme:dbghelp:elf_search_auxv can't find symbol in module
00cc:fixme:dbghelp:elf_search_auxv can't find symbol in module
00cc:fixme:dbghelp:elf_search_auxv can't find symbol in module
00cc:fixme:dbghelp:elf_search_auxv can't find symbol in module
00cc:fixme:dbghelp:elf_search_auxv can't find symbol in module
00cc:fixme:dbghelp:elf_search_auxv can't find symbol in module
00cc:fixme:dbghelp:elf_search_auxv can't find symbol in module
00cc:fixme:dbghelp:elf_search_auxv can't find symbol in module
00cc:fixme:faultrep:ReportFault 00007FFFFE5CEA10 0x0 stub
[10/12/2023, 3:36:05 PM] XDG_CONFIG_HOME=/home/dennysesay/.config/heroic/legendaryConfig /opt/Heroic/resources/app.asar.unpacked/build/bin/linux/legendary list --third-party
[cli] INFO: Logging in...
[Core] INFO: Trying to re-use existing login session...
[cli] INFO: Getting game list... (this may take a while)

Available games:
 * Fall Guys (App name: 0a2d9f6403244d12969e11da6713137b | Version: EGS_4919)
 * Fortnite (App name: Fortnite | Version: ++Fortnite+Release-26.30-CL-28509302-Windows)
 * Honkai Impact 3rd (App name: 0dc22b543a40440fab5a98d1e40c02c1 | Version: 2.25.2)
 * MultiVersus (App name: 711c5e95dc094ca58e5f16bd48e751d6 | Version: 80480)
 * Rocket League® (App name: Sugar | Version: BC2_Update45+430366)
 * Trackmania (App name: Pigeon | Version: 1.3)
  - This game can be activated directly on your Ubisoft account and does not require legendary to install/run. Use "legendary activate --uplay" and follow the instructions.
 * VALORANT (App name: 602eb4abc8764c87b7f2607a1ef8c18e | Version: 4352238-29145)

Total: 7

Legendary update available!
- New version: 0.20.33 - "Undue Alarm"
- Release summary:
 [*] Improved handling of SDL changes
 [*] Added safeguards to prevent two simultaneous instances from corrupting the database
 [*] Added support for running uninstallers
 [*] More gracefully handles account errors
See full changelog for additional details.
- Release URL: https://legendary.gl/release/0.20.33

- Download URL: https://legendary.gl/release/download/0.20.33/legendary
[10/12/2023, 3:36:09 PM] HEROIC_APP_NAME=Sugar HEROIC_APP_RUNNER=legendary HEROIC_APP_SOURCE=epic LD_PRELOAD= DOTNET_BUNDLE_EXTRACT_BASE_DIR= STEAM_COMPAT_CLIENT_INSTALL_PATH=/home/dennysesay/.steam/steam STEAM_COMPAT_DATA_PATH=/home/dennysesay/Games/Heroic/Prefixes/default STEAM_COMPAT_INSTALL_PATH=/home/dennysesay/Games/Heroic/rocketleague WINE_FULLSCREEN_FSR=0 STEAM_COMPAT_APP_ID=0 SteamAppId=0 SteamGameId=heroic-rocketleague PROTON_LOG_DIR=/home/dennysesay XDG_CONFIG_HOME=/home/dennysesay/.config/heroic/legendaryConfig /opt/Heroic/resources/app.asar.unpacked/build/bin/linux/legendary launch Sugar --no-wine --wrapper " '/usr/share/steam/compatibilitytools.d/proton/proton' run" --language en
[cli] INFO: Logging in...
[Core] INFO: Trying to re-use existing login session...
[cli] INFO: Checking for updates...
[Core] INFO: Getting authentication token...
[cli] INFO: Launching Sugar...

Legendary update available!
- New version: 0.20.33 - "Undue Alarm"
- Release summary:
 [*] Improved handling of SDL changes
 [*] Added safeguards to prevent two simultaneous instances from corrupting the database
 [*] Added support for running uninstallers
 [*] More gracefully handles account errors
See full changelog for additional details.
- Release URL: https://legendary.gl/release/0.20.33

- Download URL: https://legendary.gl/release/download/0.20.33/legendary
[S_API] SteamAPI_Init(): SteamAPI_IsSteamRunning() did not locate a running instance of Steam.
[S_API FAIL] SteamAPI_Init() failed
Warning, Command line -d3d11 set, but D3D11 is not supported on this machine.  Will fallback to older API.
[10/12/2023, 3:36:19 PM] XDG_CONFIG_HOME=/home/dennysesay/.config/heroic/legendaryConfig /opt/Heroic/resources/app.asar.unpacked/build/bin/linux/legendary list --third-party
[cli] INFO: Logging in...
[Core] INFO: Trying to re-use existing login session...
[cli] INFO: Getting game list... (this may take a while)

Available games:
 * Fall Guys (App name: 0a2d9f6403244d12969e11da6713137b | Version: EGS_4919)
 * Fortnite (App name: Fortnite | Version: ++Fortnite+Release-26.30-CL-28509302-Windows)
 * Honkai Impact 3rd (App name: 0dc22b543a40440fab5a98d1e40c02c1 | Version: 2.25.2)
 * MultiVersus (App name: 711c5e95dc094ca58e5f16bd48e751d6 | Version: 80480)
 * Rocket League® (App name: Sugar | Version: BC2_Update45+430366)
 * Trackmania (App name: Pigeon | Version: 1.3)
  - This game can be activated directly on your Ubisoft account and does not require legendary to install/run. Use "legendary activate --uplay" and follow the instructions.
 * VALORANT (App name: 602eb4abc8764c87b7f2607a1ef8c18e | Version: 4352238-29145)

Total: 7

Legendary update available!
- New version: 0.20.33 - "Undue Alarm"
- Release summary:
 [*] Improved handling of SDL changes
 [*] Added safeguards to prevent two simultaneous instances from corrupting the database
 [*] Added support for running uninstallers
 [*] More gracefully handles account errors
See full changelog for additional details.
- Release URL: https://legendary.gl/release/0.20.33

- Download URL: https://legendary.gl/release/download/0.20.33/legendary
[10/12/2023, 3:37:01 PM] HEROIC_APP_NAME=Sugar HEROIC_APP_RUNNER=legendary HEROIC_APP_SOURCE=epic LD_PRELOAD= DOTNET_BUNDLE_EXTRACT_BASE_DIR= STEAM_COMPAT_CLIENT_INSTALL_PATH=/home/dennysesay/.steam/steam STEAM_COMPAT_DATA_PATH=/home/dennysesay/Games/Heroic/Prefixes/default STEAM_COMPAT_INSTALL_PATH=/home/dennysesay/Games/Heroic/rocketleague WINE_FULLSCREEN_FSR=0 PROTON_ENABLE_NVAPI=1 DXVK_NVAPI_ALLOW_OTHER_DRIVERS=1 STEAM_COMPAT_APP_ID=0 SteamAppId=0 SteamGameId=heroic-rocketleague PROTON_LOG_DIR=/home/dennysesay XDG_CONFIG_HOME=/home/dennysesay/.config/heroic/legendaryConfig /opt/Heroic/resources/app.asar.unpacked/build/bin/linux/legendary launch Sugar --no-wine --wrapper " '/home/dennysesay/.config/heroic/tools/proton/Proton-GE-latest/proton' run" --language en
[cli] INFO: Logging in...
[Core] INFO: Trying to re-use existing login session...
[cli] INFO: Checking for updates...
[Core] INFO: Getting authentication token...
[cli] INFO: Launching Sugar...

Legendary update available!
- New version: 0.20.33 - "Undue Alarm"
- Release summary:
 [*] Improved handling of SDL changes
 [*] Added safeguards to prevent two simultaneous instances from corrupting the database
 [*] Added support for running uninstallers
 [*] More gracefully handles account errors
See full changelog for additional details.
- Release URL: https://legendary.gl/release/0.20.33

- Download URL: https://legendary.gl/release/download/0.20.33/legendary
fsync: up and running.
wine: RLIMIT_NICE is <= 20, unable to use setpriority safely
[S_API] SteamAPI_Init(): SteamAPI_IsSteamRunning() did not locate a running instance of Steam.
[S_API FAIL] SteamAPI_Init() failed
Warning, Command line -d3d11 set, but D3D11 is not supported on this machine.  Will fallback to older API.
[10/12/2023, 3:37:12 PM] XDG_CONFIG_HOME=/home/dennysesay/.config/heroic/legendaryConfig /opt/Heroic/resources/app.asar.unpacked/build/bin/linux/legendary list --third-party
[cli] INFO: Logging in...
[Core] INFO: Trying to re-use existing login session...
[cli] INFO: Getting game list... (this may take a while)

Available games:
 * Fall Guys (App name: 0a2d9f6403244d12969e11da6713137b | Version: EGS_4919)
 * Fortnite (App name: Fortnite | Version: ++Fortnite+Release-26.30-CL-28509302-Windows)
 * Honkai Impact 3rd (App name: 0dc22b543a40440fab5a98d1e40c02c1 | Version: 2.25.2)
 * MultiVersus (App name: 711c5e95dc094ca58e5f16bd48e751d6 | Version: 80480)
 * Rocket League® (App name: Sugar | Version: BC2_Update45+430366)
 * Trackmania (App name: Pigeon | Version: 1.3)
  - This game can be activated directly on your Ubisoft account and does not require legendary to install/run. Use "legendary activate --uplay" and follow the instructions.
 * VALORANT (App name: 602eb4abc8764c87b7f2607a1ef8c18e | Version: 4352238-29145)

Total: 7

Legendary update available!
- New version: 0.20.33 - "Undue Alarm"
- Release summary:
 [*] Improved handling of SDL changes
 [*] Added safeguards to prevent two simultaneous instances from corrupting the database
 [*] Added support for running uninstallers
 [*] More gracefully handles account errors
See full changelog for additional details.
- Release URL: https://legendary.gl/release/0.20.33

- Download URL: https://legendary.gl/release/download/0.20.33/legendary
[10/12/2023, 3:39:45 PM] HEROIC_APP_NAME=Sugar HEROIC_APP_RUNNER=legendary HEROIC_APP_SOURCE=epic LD_PRELOAD= DOTNET_BUNDLE_EXTRACT_BASE_DIR= WINEPREFIX=/home/dennysesay/Games/Heroic/Prefixes/default WINEDLLOVERRIDES=winemenubuilder.exe=d WINE_FULLSCREEN_FSR=0 WINEESYNC=1 WINEFSYNC=1 DXVK_ENABLE_NVAPI=1 DXVK_NVAPI_ALLOW_OTHER_DRIVERS=1 ORIG_LD_LIBRARY_PATH= LD_LIBRARY_PATH=/home/dennysesay/.config/heroic/tools/wine/Wine-GE-latest/lib64:/home/dennysesay/.config/heroic/tools/wine/Wine-GE-latest/lib GST_PLUGIN_SYSTEM_PATH_1_0=/home/dennysesay/.config/heroic/tools/wine/Wine-GE-latest/lib64/gstreamer-1.0:/home/dennysesay/.config/heroic/tools/wine/Wine-GE-latest/lib/gstreamer-1.0 WINEDLLPATH=/home/dennysesay/.config/heroic/tools/wine/Wine-GE-latest/lib64/wine:/home/dennysesay/.config/heroic/tools/wine/Wine-GE-latest/lib/wine XDG_CONFIG_HOME=/home/dennysesay/.config/heroic/legendaryConfig /opt/Heroic/resources/app.asar.unpacked/build/bin/linux/legendary launch Sugar --wine /home/dennysesay/.config/heroic/tools/wine/Wine-GE-latest/bin/wine --language en
[cli] INFO: Logging in...
[Core] INFO: Trying to re-use existing login session...
[10/12/2023, 3:39:46 PM] XDG_CONFIG_HOME=/home/dennysesay/.config/heroic/legendaryConfig /opt/Heroic/resources/app.asar.unpacked/build/bin/linux/legendary list --third-party
[cli] INFO: Logging in...
[Core] INFO: Trying to re-use existing login session...
[cli] INFO: Getting game list... (this may take a while)

Available games:
 * Fall Guys (App name: 0a2d9f6403244d12969e11da6713137b | Version: EGS_4919)
 * Fortnite (App name: Fortnite | Version: ++Fortnite+Release-26.30-CL-28509302-Windows)
 * Honkai Impact 3rd (App name: 0dc22b543a40440fab5a98d1e40c02c1 | Version: 2.25.2)
 * MultiVersus (App name: 711c5e95dc094ca58e5f16bd48e751d6 | Version: 80480)
 * Rocket League® (App name: Sugar | Version: BC2_Update45+430366)
 * Trackmania (App name: Pigeon | Version: 1.3)
  - This game can be activated directly on your Ubisoft account and does not require legendary to install/run. Use "legendary activate --uplay" and follow the instructions.
 * VALORANT (App name: 602eb4abc8764c87b7f2607a1ef8c18e | Version: 4352238-29145)

Total: 7

Legendary update available!
- New version: 0.20.33 - "Undue Alarm"
- Release summary:
 [*] Improved handling of SDL changes
 [*] Added safeguards to prevent two simultaneous instances from corrupting the database
 [*] Added support for running uninstallers
 [*] More gracefully handles account errors
See full changelog for additional details.
- Release URL: https://legendary.gl/release/0.20.33

- Download URL: https://legendary.gl/release/download/0.20.33/legendary
[10/12/2023, 3:39:49 PM] HEROIC_APP_NAME=Sugar HEROIC_APP_RUNNER=legendary HEROIC_APP_SOURCE=epic LD_PRELOAD= DOTNET_BUNDLE_EXTRACT_BASE_DIR= WINEPREFIX=/home/dennysesay/Games/Heroic/Prefixes/default WINEDLLOVERRIDES=winemenubuilder.exe=d WINE_FULLSCREEN_FSR=0 WINEESYNC=1 WINEFSYNC=1 DXVK_ENABLE_NVAPI=1 DXVK_NVAPI_ALLOW_OTHER_DRIVERS=1 ORIG_LD_LIBRARY_PATH= LD_LIBRARY_PATH=/home/dennysesay/.config/heroic/tools/wine/Wine-GE-latest/lib64:/home/dennysesay/.config/heroic/tools/wine/Wine-GE-latest/lib GST_PLUGIN_SYSTEM_PATH_1_0=/home/dennysesay/.config/heroic/tools/wine/Wine-GE-latest/lib64/gstreamer-1.0:/home/dennysesay/.config/heroic/tools/wine/Wine-GE-latest/lib/gstreamer-1.0 WINEDLLPATH=/home/dennysesay/.config/heroic/tools/wine/Wine-GE-latest/lib64/wine:/home/dennysesay/.config/heroic/tools/wine/Wine-GE-latest/lib/wine XDG_CONFIG_HOME=/home/dennysesay/.config/heroic/legendaryConfig /opt/Heroic/resources/app.asar.unpacked/build/bin/linux/legendary launch Sugar --wine /home/dennysesay/.config/heroic/tools/wine/Wine-GE-latest/bin/wine --language en
[cli] INFO: Logging in...
[Core] INFO: Trying to re-use existing login session...
[cli] INFO: Checking for updates...
[Core] INFO: Getting authentication token...
[cli] INFO: Launching Sugar...
fsync: up and running.
wine: RLIMIT_NICE is <= 20, unable to use setpriority safely

Legendary update available!
- New version: 0.20.33 - "Undue Alarm"
- Release summary:
 [*] Improved handling of SDL changes
 [*] Added safeguards to prevent two simultaneous instances from corrupting the database
 [*] Added support for running uninstallers
 [*] More gracefully handles account errors
See full changelog for additional details.
- Release URL: https://legendary.gl/release/0.20.33

- Download URL: https://legendary.gl/release/download/0.20.33/legendary
002c:fixme:winediag:LdrInitializeThunk wine-staging 8.0 is a testing version containing experimental patches.
002c:fixme:winediag:LdrInitializeThunk Please mention your exact version when filing bug reports on winehq.org.
002c:err:wineboot:process_run_key Error running cmd L"C:\\windows\\system32\\winemenubuilder.exe -a -r" (126).
0078:fixme:hid:handle_IRP_MN_QUERY_ID Unhandled type 00000005
0078:fixme:hid:handle_IRP_MN_QUERY_ID Unhandled type 00000005
0078:fixme:hid:handle_IRP_MN_QUERY_ID Unhandled type 00000005
0078:fixme:hid:handle_IRP_MN_QUERY_ID Unhandled type 00000005
0090:err:hid:udev_bus_init UDEV monitor creation failed
00dc:fixme:kernelbase:AppPolicyGetThreadInitializationType FFFFFFFFFFFFFFFA, 0000000001C6FF80
01ac:fixme:oleacc:find_class_data unhandled window class: L"#32769"
01ac:fixme:uiautomation:uia_get_providers_for_hwnd Override provider callback currently unimplemented.
01ac:fixme:uiautomation:msaa_provider_GetPropertyValue Unimplemented propertyId 30024
01ac:fixme:uiautomation:msaa_fragment_get_FragmentRoot 00000000008F19B8, 000000000021FAC0: stub!
01b8:fixme:uiautomation:uia_get_providers_for_hwnd Override provider callback currently unimplemented.
01b8:fixme:uiautomation:msaa_provider_GetPropertyValue Unimplemented propertyId 30024
01b8:fixme:uiautomation:msaa_fragment_get_FragmentRoot 0000000000925BD8, 0000000001B2FAA0: stub!
00d8:fixme:ntdll:NtQuerySystemInformation info_class SYSTEM_PERFORMANCE_INFORMATION
00d8:err:ntlm:ntlm_LsaApInitializePackage no NTLM support, expect problems
info:  Game: RocketLeague.exe
info:  DXVK: v2.3
info:  Vulkan: Found vkGetInstanceProcAddr in winevulkan.dll @ 0x2d4ad4060
info:  Built-in extension providers:
info:    Win32 WSI
info:    OpenVR
info:    OpenXR
info:  OpenVR: could not open registry key, status 2
info:  OpenVR: Failed to locate module
info:  Enabled instance extensions:
info:    VK_KHR_get_surface_capabilities2
info:    VK_KHR_surface
info:    VK_KHR_win32_surface
00d8:err:vulkan:wine_vkCreateInstance Failed to create instance, res=-9
err:   DxvkInstance::createInstance: Failed to create Vulkan 1.1 instance
Warning, Command line -d3d11 set, but D3D11 is not supported on this machine.  Will fallback to older API.
00d8:fixme:faultrep:ReportFault 00000000004EEB50 0x0 stub
[10/12/2023, 3:40:00 PM] XDG_CONFIG_HOME=/home/dennysesay/.config/heroic/legendaryConfig /opt/Heroic/resources/app.asar.unpacked/build/bin/linux/legendary list --third-party
[cli] INFO: Logging in...
[Core] INFO: Trying to re-use existing login session...
[cli] INFO: Getting game list... (this may take a while)

Available games:
 * Fall Guys (App name: 0a2d9f6403244d12969e11da6713137b | Version: EGS_4919)
 * Fortnite (App name: Fortnite | Version: ++Fortnite+Release-26.30-CL-28509302-Windows)
 * Honkai Impact 3rd (App name: 0dc22b543a40440fab5a98d1e40c02c1 | Version: 2.25.2)
 * MultiVersus (App name: 711c5e95dc094ca58e5f16bd48e751d6 | Version: 80480)
 * Rocket League® (App name: Sugar | Version: BC2_Update45+430366)
 * Trackmania (App name: Pigeon | Version: 1.3)
  - This game can be activated directly on your Ubisoft account and does not require legendary to install/run. Use "legendary activate --uplay" and follow the instructions.
 * VALORANT (App name: 602eb4abc8764c87b7f2607a1ef8c18e | Version: 4352238-29145)

Total: 7

Legendary update available!
- New version: 0.20.33 - "Undue Alarm"
- Release summary:
 [*] Improved handling of SDL changes
 [*] Added safeguards to prevent two simultaneous instances from corrupting the database
 [*] Added support for running uninstallers
 [*] More gracefully handles account errors
See full changelog for additional details.
- Release URL: https://legendary.gl/release/0.20.33

- Download URL: https://legendary.gl/release/download/0.20.33/legendary
[10/12/2023, 3:40:53 PM] HEROIC_APP_NAME=Sugar HEROIC_APP_RUNNER=legendary HEROIC_APP_SOURCE=epic LD_PRELOAD= DOTNET_BUNDLE_EXTRACT_BASE_DIR= WINEPREFIX=/home/dennysesay/Games/Heroic/Prefixes/default WINEDLLOVERRIDES=winemenubuilder.exe=d WINE_FULLSCREEN_FSR=0 WINEESYNC=1 WINEFSYNC=1 DXVK_ENABLE_NVAPI=1 DXVK_NVAPI_ALLOW_OTHER_DRIVERS=1 ORIG_LD_LIBRARY_PATH= LD_LIBRARY_PATH=/home/dennysesay/.config/heroic/tools/wine/Wine-GE-latest/lib64:/home/dennysesay/.config/heroic/tools/wine/Wine-GE-latest/lib GST_PLUGIN_SYSTEM_PATH_1_0=/home/dennysesay/.config/heroic/tools/wine/Wine-GE-latest/lib64/gstreamer-1.0:/home/dennysesay/.config/heroic/tools/wine/Wine-GE-latest/lib/gstreamer-1.0 WINEDLLPATH=/home/dennysesay/.config/heroic/tools/wine/Wine-GE-latest/lib64/wine:/home/dennysesay/.config/heroic/tools/wine/Wine-GE-latest/lib/wine XDG_CONFIG_HOME=/home/dennysesay/.config/heroic/legendaryConfig /opt/Heroic/resources/app.asar.unpacked/build/bin/linux/legendary launch Sugar --wine /home/dennysesay/.config/heroic/tools/wine/Wine-GE-latest/bin/wine --language en
[cli] INFO: Logging in...
[Core] INFO: Trying to re-use existing login session...
[cli] INFO: Checking for updates...
[Core] INFO: Getting authentication token...
[cli] INFO: Launching Sugar...
fsync: up and running.
wine: RLIMIT_NICE is <= 20, unable to use setpriority safely

Legendary update available!
- New version: 0.20.33 - "Undue Alarm"
- Release summary:
 [*] Improved handling of SDL changes
 [*] Added safeguards to prevent two simultaneous instances from corrupting the database
 [*] Added support for running uninstallers
 [*] More gracefully handles account errors
See full changelog for additional details.
- Release URL: https://legendary.gl/release/0.20.33

- Download URL: https://legendary.gl/release/download/0.20.33/legendary
002c:fixme:winediag:LdrInitializeThunk wine-staging 8.0 is a testing version containing experimental patches.
002c:fixme:winediag:LdrInitializeThunk Please mention your exact version when filing bug reports on winehq.org.
002c:err:wineboot:process_run_key Error running cmd L"C:\\windows\\system32\\winemenubuilder.exe -a -r" (126).
0078:fixme:hid:handle_IRP_MN_QUERY_ID Unhandled type 00000005
0078:fixme:hid:handle_IRP_MN_QUERY_ID Unhandled type 00000005
0078:fixme:hid:handle_IRP_MN_QUERY_ID Unhandled type 00000005
0078:fixme:hid:handle_IRP_MN_QUERY_ID Unhandled type 00000005
0090:err:hid:udev_bus_init UDEV monitor creation failed
00dc:fixme:kernelbase:AppPolicyGetThreadInitializationType FFFFFFFFFFFFFFFA, 0000000001C6FF80
01ac:fixme:oleacc:find_class_data unhandled window class: L"#32769"
01ac:fixme:uiautomation:uia_get_providers_for_hwnd Override provider callback currently unimplemented.
01ac:fixme:uiautomation:msaa_provider_GetPropertyValue Unimplemented propertyId 30024
01ac:fixme:uiautomation:msaa_fragment_get_FragmentRoot 00000000008F19B8, 000000000021FAC0: stub!
01b8:fixme:uiautomation:uia_get_providers_for_hwnd Override provider callback currently unimplemented.
01b8:fixme:uiautomation:msaa_provider_GetPropertyValue Unimplemented propertyId 30024
01b8:fixme:uiautomation:msaa_fragment_get_FragmentRoot 0000000000925BD8, 0000000001B2FAA0: stub!
00d8:fixme:ntdll:NtQuerySystemInformation info_class SYSTEM_PERFORMANCE_INFORMATION
00d8:err:ntlm:ntlm_LsaApInitializePackage no NTLM support, expect problems
info:  Game: RocketLeague.exe
info:  DXVK: v2.3
info:  Vulkan: Found vkGetInstanceProcAddr in winevulkan.dll @ 0x2d4ad4060
info:  Built-in extension providers:
info:    Win32 WSI
info:    OpenVR
info:    OpenXR
info:  OpenVR: could not open registry key, status 2
info:  OpenVR: Failed to locate module
info:  Enabled instance extensions:
info:    VK_KHR_get_surface_capabilities2
info:    VK_KHR_surface
info:    VK_KHR_win32_surface
00d8:err:vulkan:wine_vkCreateInstance Failed to create instance, res=-9
err:   DxvkInstance::createInstance: Failed to create Vulkan 1.1 instance
Warning, Command line -d3d11 set, but D3D11 is not supported on this machine.  Will fallback to older API.
00d8:fixme:faultrep:ReportFault 00000000004EEB50 0x0 stub
[10/12/2023, 3:41:04 PM] XDG_CONFIG_HOME=/home/dennysesay/.config/heroic/legendaryConfig /opt/Heroic/resources/app.asar.unpacked/build/bin/linux/legendary list --third-party
[cli] INFO: Logging in...
[Core] INFO: Trying to re-use existing login session...
[cli] INFO: Getting game list... (this may take a while)

Available games:
 * Fall Guys (App name: 0a2d9f6403244d12969e11da6713137b | Version: EGS_4919)
 * Fortnite (App name: Fortnite | Version: ++Fortnite+Release-26.30-CL-28509302-Windows)
 * Honkai Impact 3rd (App name: 0dc22b543a40440fab5a98d1e40c02c1 | Version: 2.25.2)
 * MultiVersus (App name: 711c5e95dc094ca58e5f16bd48e751d6 | Version: 80480)
 * Rocket League® (App name: Sugar | Version: BC2_Update45+430366)
 * Trackmania (App name: Pigeon | Version: 1.3)
  - This game can be activated directly on your Ubisoft account and does not require legendary to install/run. Use "legendary activate --uplay" and follow the instructions.
 * VALORANT (App name: 602eb4abc8764c87b7f2607a1ef8c18e | Version: 4352238-29145)

Total: 7

Legendary update available!
- New version: 0.20.33 - "Undue Alarm"
- Release summary:
 [*] Improved handling of SDL changes
 [*] Added safeguards to prevent two simultaneous instances from corrupting the database
 [*] Added support for running uninstallers
 [*] More gracefully handles account errors
See full changelog for additional details.
- Release URL: https://legendary.gl/release/0.20.33

- Download URL: https://legendary.gl/release/download/0.20.33/legendary
[10/12/2023, 3:41:15 PM] HEROIC_APP_NAME=Sugar HEROIC_APP_RUNNER=legendary HEROIC_APP_SOURCE=epic LD_PRELOAD= DOTNET_BUNDLE_EXTRACT_BASE_DIR= STEAM_COMPAT_CLIENT_INSTALL_PATH=/home/dennysesay/.steam/steam STEAM_COMPAT_DATA_PATH=/home/dennysesay/Games/Heroic/Prefixes/default STEAM_COMPAT_INSTALL_PATH=/home/dennysesay/Games/Heroic/rocketleague WINE_FULLSCREEN_FSR=0 PROTON_ENABLE_NVAPI=1 DXVK_NVAPI_ALLOW_OTHER_DRIVERS=1 STEAM_COMPAT_APP_ID=0 SteamAppId=0 SteamGameId=heroic-rocketleague PROTON_LOG_DIR=/home/dennysesay XDG_CONFIG_HOME=/home/dennysesay/.config/heroic/legendaryConfig /opt/Heroic/resources/app.asar.unpacked/build/bin/linux/legendary launch Sugar --no-wine --wrapper " '/home/dennysesay/.config/heroic/tools/proton/Proton-GE-latest/proton' run" --language en
[cli] INFO: Logging in...
[Core] INFO: Trying to re-use existing login session...
[cli] INFO: Checking for updates...
[Core] INFO: Getting authentication token...
[cli] INFO: Launching Sugar...

Legendary update available!
- New version: 0.20.33 - "Undue Alarm"
- Release summary:
 [*] Improved handling of SDL changes
 [*] Added safeguards to prevent two simultaneous instances from corrupting the database
 [*] Added support for running uninstallers
 [*] More gracefully handles account errors
See full changelog for additional details.
- Release URL: https://legendary.gl/release/0.20.33

- Download URL: https://legendary.gl/release/download/0.20.33/legendary
fsync: up and running.
wine: RLIMIT_NICE is <= 20, unable to use setpriority safely
[S_API] SteamAPI_Init(): SteamAPI_IsSteamRunning() did not locate a running instance of Steam.
[S_API FAIL] SteamAPI_Init() failed
Warning, Command line -d3d11 set, but D3D11 is not supported on this machine.  Will fallback to older API.
[10/12/2023, 3:41:26 PM] XDG_CONFIG_HOME=/home/dennysesay/.config/heroic/legendaryConfig /opt/Heroic/resources/app.asar.unpacked/build/bin/linux/legendary list --third-party
[cli] INFO: Logging in...
[Core] INFO: Trying to re-use existing login session...
[cli] INFO: Getting game list... (this may take a while)

Available games:
 * Fall Guys (App name: 0a2d9f6403244d12969e11da6713137b | Version: EGS_4919)
 * Fortnite (App name: Fortnite | Version: ++Fortnite+Release-26.30-CL-28509302-Windows)
 * Honkai Impact 3rd (App name: 0dc22b543a40440fab5a98d1e40c02c1 | Version: 2.25.2)
 * MultiVersus (App name: 711c5e95dc094ca58e5f16bd48e751d6 | Version: 80480)
 * Rocket League® (App name: Sugar | Version: BC2_Update45+430366)
 * Trackmania (App name: Pigeon | Version: 1.3)
  - This game can be activated directly on your Ubisoft account and does not require legendary to install/run. Use "legendary activate --uplay" and follow the instructions.
 * VALORANT (App name: 602eb4abc8764c87b7f2607a1ef8c18e | Version: 4352238-29145)

Total: 7

Legendary update available!
- New version: 0.20.33 - "Undue Alarm"
- Release summary:
 [*] Improved handling of SDL changes
 [*] Added safeguards to prevent two simultaneous instances from corrupting the database
 [*] Added support for running uninstallers
 [*] More gracefully handles account errors
See full changelog for additional details.
- Release URL: https://legendary.gl/release/0.20.33

- Download URL: https://legendary.gl/release/download/0.20.33/legendary
[10/12/2023, 11:01:05 PM] HEROIC_APP_NAME=Sugar HEROIC_APP_RUNNER=legendary HEROIC_APP_SOURCE=epic LD_PRELOAD= DOTNET_BUNDLE_EXTRACT_BASE_DIR= STEAM_COMPAT_CLIENT_INSTALL_PATH=/home/dennysesay/.steam/steam STEAM_COMPAT_DATA_PATH=/home/dennysesay/Games/Heroic/Prefixes/default STEAM_COMPAT_INSTALL_PATH=/home/dennysesay/Games/Heroic/rocketleague WINE_FULLSCREEN_FSR=0 PROTON_ENABLE_NVAPI=1 DXVK_NVAPI_ALLOW_OTHER_DRIVERS=1 STEAM_COMPAT_APP_ID=0 SteamAppId=0 SteamGameId=heroic-rocketleague PROTON_LOG_DIR=/home/dennysesay XDG_CONFIG_HOME=/home/dennysesay/.config/heroic/legendaryConfig /opt/Heroic/resources/app.asar.unpacked/build/bin/linux/legendary launch Sugar --no-wine --wrapper " '/home/dennysesay/.config/heroic/tools/proton/Proton-GE-latest/proton' run" --language en
[cli] INFO: Logging in...
[Core] INFO: Logging in...
[cli] INFO: Checking for updates...
[Core] INFO: Getting authentication token...
[cli] INFO: Launching Sugar...

Legendary update available!
- New version: 0.20.33 - "Undue Alarm"
- Release summary:
 [*] Improved handling of SDL changes
 [*] Added safeguards to prevent two simultaneous instances from corrupting the database
 [*] Added support for running uninstallers
 [*] More gracefully handles account errors
See full changelog for additional details.
- Release URL: https://legendary.gl/release/0.20.33

- Download URL: https://legendary.gl/release/download/0.20.33/legendary
fsync: up and running.
wine: RLIMIT_NICE is <= 20, unable to use setpriority safely
[S_API] SteamAPI_Init(): SteamAPI_IsSteamRunning() did not locate a running instance of Steam.
[S_API FAIL] SteamAPI_Init() failed
Warning, Command line -d3d11 set, but D3D11 is not supported on this machine.  Will fallback to older API.
[10/12/2023, 11:01:18 PM] XDG_CONFIG_HOME=/home/dennysesay/.config/heroic/legendaryConfig /opt/Heroic/resources/app.asar.unpacked/build/bin/linux/legendary list --third-party
[cli] INFO: Logging in...
[Core] INFO: Trying to re-use existing login session...
[cli] INFO: Getting game list... (this may take a while)

Available games:
 * Fall Guys (App name: 0a2d9f6403244d12969e11da6713137b | Version: EGS_4919)
 * Fortnite (App name: Fortnite | Version: ++Fortnite+Release-26.30-CL-28509302-Windows)
 * Honkai Impact 3rd (App name: 0dc22b543a40440fab5a98d1e40c02c1 | Version: 2.25.2)
 * MultiVersus (App name: 711c5e95dc094ca58e5f16bd48e751d6 | Version: 80480)
 * Rocket League® (App name: Sugar | Version: BC2_Update45+430366)
 * Trackmania (App name: Pigeon | Version: 1.3)
  - This game can be activated directly on your Ubisoft account and does not require legendary to install/run. Use "legendary activate --uplay" and follow the instructions.
 * VALORANT (App name: 602eb4abc8764c87b7f2607a1ef8c18e | Version: 4352238-29145)

Total: 7

Legendary update available!
- New version: 0.20.33 - "Undue Alarm"
- Release summary:
 [*] Improved handling of SDL changes
 [*] Added safeguards to prevent two simultaneous instances from corrupting the database
 [*] Added support for running uninstallers
 [*] More gracefully handles account errors
See full changelog for additional details.
- Release URL: https://legendary.gl/release/0.20.33

- Download URL: https://legendary.gl/release/download/0.20.33/legendary
