[10/12/2023, 8:07:29 AM] XDG_CONFIG_HOME=/home/dennysesay/.config/heroic/legendaryConfig /opt/Heroic/resources/app.asar.unpacked/build/bin/linux/legendary --version
legendary version "0.20.32", codename "Dark Energy (hotfix #6)"
[10/12/2023, 8:07:30 AM] XDG_CONFIG_HOME=/home/dennysesay/.config/heroic/legendaryConfig /opt/Heroic/resources/app.asar.unpacked/build/bin/linux/legendary list --third-party
[10/12/2023, 8:07:30 AM] XDG_CONFIG_HOME=/home/dennysesay/.config/heroic/legendaryConfig /opt/Heroic/resources/app.asar.unpacked/build/bin/linux/legendary list --third-party
[cli] INFO: Logging in...
[Core] INFO: Logging in...
[cli] INFO: Getting game list... (this may take a while)
[Core] INFO: Fetching metadata for 1 app(s).

Available games:
 * Fall Guys (App name: 0a2d9f6403244d12969e11da6713137b | Version: EGS_4919)
 * Fortnite (App name: Fortnite | Version: ++Fortnite+Release-26.30-CL-28509302-Windows)
 * Honkai Impact 3rd (App name: 0dc22b543a40440fab5a98d1e40c02c1 | Version: 2.25.2)
 * MultiVersus (App name: 711c5e95dc094ca58e5f16bd48e751d6 | Version: 80480)
 * Rocket League速 (App name: Sugar | Version: BC2_Update45+430366)
 * Trackmania (App name: Pigeon | Version: 1.3)
  - This game can be activated directly on your Ubisoft account and does not require legendary to install/run. Use "legendary activate --uplay" and follow the instructions.
 * VALORANT (App name: 602eb4abc8764c87b7f2607a1ef8c18e | Version: 4352238-29145)

Total: 7

Legendary update available!
- New version: 0.20.33 - "Undue Alarm"
- Release summary:
 [*] Improved handling of SDL changes
 [*] Added safeguards to prevent two simultaneous instances from corrupting the database
 [*] Added support for running uninstallers
 [*] More gracefully handles account errors
See full changelog for additional details.
- Release URL: https://legendary.gl/release/0.20.33

- Download URL: https://legendary.gl/release/download/0.20.33/legendary
[10/12/2023, 8:07:43 AM] HEROIC_APP_NAME=Sugar HEROIC_APP_RUNNER=legendary HEROIC_APP_SOURCE=epic LD_PRELOAD= DOTNET_BUNDLE_EXTRACT_BASE_DIR= WINEPREFIX=/home/dennysesay/Games/Heroic/Prefixes/default WINEDLLOVERRIDES=winemenubuilder.exe=d WINE_FULLSCREEN_FSR=0 WINEESYNC=1 WINEFSYNC=1 ORIG_LD_LIBRARY_PATH= XDG_CONFIG_HOME=/home/dennysesay/.config/heroic/legendaryConfig /opt/Heroic/resources/app.asar.unpacked/build/bin/linux/legendary launch Sugar --wine /sbin/wine --language en
[cli] INFO: Logging in...
[Core] INFO: Trying to re-use existing login session...
[cli] INFO: Checking for updates...
[Core] INFO: Getting authentication token...
[cli] INFO: Launching Sugar...

Legendary update available!
- New version: 0.20.33 - "Undue Alarm"
- Release summary:
 [*] Improved handling of SDL changes
 [*] Added safeguards to prevent two simultaneous instances from corrupting the database
 [*] Added support for running uninstallers
 [*] More gracefully handles account errors
See full changelog for additional details.
- Release URL: https://legendary.gl/release/0.20.33

- Download URL: https://legendary.gl/release/download/0.20.33/legendary
002c:err:wineboot:process_run_key Error running cmd L"C:\\windows\\system32\\winemenubuilder.exe -a -r" (126).
007c:fixme:hid:handle_IRP_MN_QUERY_ID Unhandled type 00000005
007c:fixme:hid:handle_IRP_MN_QUERY_ID Unhandled type 00000005
007c:fixme:hid:handle_IRP_MN_QUERY_ID Unhandled type 00000005
007c:fixme:hid:handle_IRP_MN_QUERY_ID Unhandled type 00000005
00cc:fixme:ntdll:NtQuerySystemInformation info_class SYSTEM_PERFORMANCE_INFORMATION
00cc:err:winediag:ntlm_check_version ntlm_auth was not found. Make sure that ntlm_auth >= 3.0.25 is in your path. Usually, you can find it in the winbind package of your distribution.
00cc:err:ntlm:ntlm_LsaApInitializePackage no NTLM support, expect problems
info:  Game: RocketLeague.exe
info:  DXVK: v2.3
info:  Vulkan: Found vkGetInstanceProcAddr in winevulkan.dll @ 0x2d4ad3f40
info:  Built-in extension providers:
info:    Win32 WSI
info:    OpenVR
info:    OpenXR
info:  OpenVR: could not open registry key, status 2
info:  OpenVR: Failed to locate module
info:  Enabled instance extensions:
info:    VK_KHR_get_surface_capabilities2
info:    VK_KHR_surface
info:    VK_KHR_win32_surface
00cc:err:vulkan:wine_vkCreateInstance Failed to create instance, res=-9
err:   DxvkInstance::createInstance: Failed to create Vulkan 1.1 instance
Warning, Command line -d3d11 set, but D3D11 is not supported on this machine.  Will fallback to older API.
00cc:fixme:dbghelp:elf_search_auxv can't find symbol in module
00cc:fixme:dbghelp:elf_search_auxv can't find symbol in module
00cc:fixme:dbghelp:elf_search_auxv can't find symbol in module
00cc:fixme:dbghelp:elf_search_auxv can't find symbol in module
00cc:fixme:dbghelp:elf_search_auxv can't find symbol in module
00cc:fixme:dbghelp:elf_search_auxv can't find symbol in module
00cc:fixme:dbghelp:elf_search_auxv can't find symbol in module
00cc:fixme:dbghelp:elf_search_auxv can't find symbol in module
00cc:fixme:dbghelp:elf_search_auxv can't find symbol in module
00cc:fixme:dbghelp:elf_search_auxv can't find symbol in module
00cc:fixme:dbghelp:elf_search_auxv can't find symbol in module
00cc:fixme:dbghelp:elf_search_auxv can't find symbol in module
00cc:fixme:dbghelp:elf_search_auxv can't find symbol in module
00cc:fixme:dbghelp:elf_search_auxv can't find symbol in module
00cc:fixme:dbghelp:elf_search_auxv can't find symbol in module
00cc:fixme:dbghelp:elf_search_auxv can't find symbol in module
00cc:fixme:dbghelp:elf_search_auxv can't find symbol in module
00cc:fixme:dbghelp:elf_search_auxv can't find symbol in module
00cc:fixme:dbghelp:elf_search_auxv can't find symbol in module
00cc:fixme:dbghelp:elf_search_auxv can't find symbol in module
00cc:fixme:dbghelp:elf_search_auxv can't find symbol in module
00cc:fixme:dbghelp:elf_search_auxv can't find symbol in module
00cc:fixme:dbghelp:elf_search_auxv can't find symbol in module
00cc:fixme:dbghelp:elf_search_auxv can't find symbol in module
00cc:fixme:dbghelp:elf_search_auxv can't find symbol in module
00cc:fixme:dbghelp:elf_search_auxv can't find symbol in module
00cc:fixme:dbghelp:elf_search_auxv can't find symbol in module
00cc:fixme:dbghelp:elf_search_auxv can't find symbol in module
00cc:fixme:dbghelp:elf_search_auxv can't find symbol in module
00cc:fixme:dbghelp:elf_search_auxv can't find symbol in module
00cc:fixme:dbghelp:elf_search_auxv can't find symbol in module
00cc:fixme:dbghelp:elf_search_auxv can't find symbol in module
00cc:fixme:dbghelp:elf_search_auxv can't find symbol in module
00cc:fixme:dbghelp:elf_search_auxv can't find symbol in module
00cc:fixme:dbghelp:elf_search_auxv can't find symbol in module
00cc:fixme:dbghelp:elf_search_auxv can't find symbol in module
00cc:fixme:dbghelp:elf_search_auxv can't find symbol in module
00cc:fixme:dbghelp:elf_search_auxv can't find symbol in module
00cc:fixme:dbghelp:elf_search_auxv can't find symbol in module
00cc:fixme:dbghelp:elf_search_auxv can't find symbol in module
00cc:fixme:dbghelp:elf_search_auxv can't find symbol in module
00cc:fixme:dbghelp:elf_search_auxv can't find symbol in module
00cc:fixme:dbghelp:elf_search_auxv can't find symbol in module
00cc:fixme:dbghelp:elf_search_auxv can't find symbol in module
00cc:fixme:dbghelp:elf_search_auxv can't find symbol in module
00cc:fixme:dbghelp:elf_search_auxv can't find symbol in module
00cc:fixme:dbghelp:elf_search_auxv can't find symbol in module
00cc:fixme:dbghelp:elf_search_auxv can't find symbol in module
00cc:fixme:dbghelp:elf_search_auxv can't find symbol in module
00cc:fixme:dbghelp:elf_search_auxv can't find symbol in module
00cc:fixme:dbghelp:elf_search_auxv can't find symbol in module
00cc:fixme:dbghelp:elf_search_auxv can't find symbol in module
00cc:fixme:dbghelp:elf_search_auxv can't find symbol in module
00cc:fixme:dbghelp:elf_search_auxv can't find symbol in module
00cc:fixme:dbghelp:elf_search_auxv can't find symbol in module
00cc:fixme:dbghelp:elf_search_auxv can't find symbol in module
00cc:fixme:dbghelp:elf_search_auxv can't find symbol in module
00cc:fixme:dbghelp:elf_search_auxv can't find symbol in module
00cc:fixme:dbghelp:elf_search_auxv can't find symbol in module
00cc:fixme:dbghelp:elf_search_auxv can't find symbol in module
00cc:fixme:dbghelp:elf_search_auxv can't find symbol in module
00cc:fixme:dbghelp:elf_search_auxv can't find symbol in module
00cc:fixme:dbghelp:elf_search_auxv can't find symbol in module
00cc:fixme:dbghelp:elf_search_auxv can't find symbol in module
00cc:fixme:dbghelp:elf_search_auxv can't find symbol in module
00cc:fixme:dbghelp:elf_search_auxv can't find symbol in module
00cc:fixme:dbghelp:elf_search_auxv can't find symbol in module
00cc:fixme:dbghelp:elf_search_auxv can't find symbol in module
00cc:fixme:dbghelp:elf_search_auxv can't find symbol in module
00cc:fixme:dbghelp:elf_search_auxv can't find symbol in module
00cc:fixme:dbghelp:elf_search_auxv can't find symbol in module
00cc:fixme:dbghelp:elf_search_auxv can't find symbol in module
00cc:fixme:dbghelp:elf_search_auxv can't find symbol in module
00cc:fixme:dbghelp:elf_search_auxv can't find symbol in module
00cc:fixme:dbghelp:elf_search_auxv can't find symbol in module
00cc:fixme:dbghelp:elf_search_auxv can't find symbol in module
00cc:fixme:dbghelp:elf_search_auxv can't find symbol in module
00cc:fixme:dbghelp:elf_search_auxv can't find symbol in module
00cc:fixme:dbghelp:elf_search_auxv can't find symbol in module
00cc:fixme:dbghelp:elf_search_auxv can't find symbol in module
00cc:fixme:dbghelp:elf_search_auxv can't find symbol in module
00cc:fixme:dbghelp:elf_search_auxv can't find symbol in module
00cc:fixme:dbghelp:elf_search_auxv can't find symbol in module
00cc:fixme:dbghelp:elf_search_auxv can't find symbol in module
00cc:fixme:dbghelp:elf_search_auxv can't find symbol in module
00cc:fixme:dbghelp:elf_search_auxv can't find symbol in module
00cc:fixme:dbghelp:elf_search_auxv can't find symbol in module
00cc:fixme:dbghelp:elf_search_auxv can't find symbol in module
00cc:fixme:dbghelp:elf_search_auxv can't find symbol in module
00cc:fixme:dbghelp:elf_search_auxv can't find symbol in module
00cc:fixme:dbghelp:elf_search_auxv can't find symbol in module
00cc:fixme:dbghelp:elf_search_auxv can't find symbol in module
00cc:fixme:dbghelp:elf_search_auxv can't find symbol in module
00cc:fixme:dbghelp:elf_search_auxv can't find symbol in module
00cc:fixme:dbghelp:elf_search_auxv can't find symbol in module
00cc:fixme:dbghelp:elf_search_auxv can't find symbol in module
00cc:fixme:dbghelp:elf_search_auxv can't find symbol in module
00cc:fixme:dbghelp:elf_search_auxv can't find symbol in module
00cc:fixme:dbghelp:elf_search_auxv can't find symbol in module
00cc:fixme:dbghelp:elf_search_auxv can't find symbol in module
00cc:fixme:dbghelp:elf_search_auxv can't find symbol in module
00cc:fixme:dbghelp:elf_search_auxv can't find symbol in module
00cc:fixme:dbghelp:elf_search_auxv can't find symbol in module
00cc:fixme:dbghelp:elf_search_auxv can't find symbol in module
00cc:fixme:dbghelp:elf_search_auxv can't find symbol in module
00cc:fixme:dbghelp:elf_search_auxv can't find symbol in module
00cc:fixme:dbghelp:elf_search_auxv can't find symbol in module
00cc:fixme:dbghelp:elf_search_auxv can't find symbol in module
00cc:fixme:dbghelp:elf_search_auxv can't find symbol in module
00cc:fixme:dbghelp:elf_search_auxv can't find symbol in module
00cc:fixme:dbghelp:elf_search_auxv can't find symbol in module
00cc:fixme:dbghelp:elf_search_auxv can't find symbol in module
00cc:fixme:dbghelp:elf_search_auxv can't find symbol in module
00cc:fixme:dbghelp:elf_search_auxv can't find symbol in module
00cc:fixme:dbghelp:elf_search_auxv can't find symbol in module
00cc:fixme:dbghelp:elf_search_auxv can't find symbol in module
00cc:fixme:dbghelp:elf_search_auxv can't find symbol in module
00cc:fixme:dbghelp:elf_search_auxv can't find symbol in module
00cc:fixme:dbghelp:elf_search_auxv can't find symbol in module
00cc:fixme:dbghelp:elf_search_auxv can't find symbol in module
00cc:fixme:dbghelp:elf_search_auxv can't find symbol in module
00cc:fixme:dbghelp:elf_search_auxv can't find symbol in module
00cc:fixme:dbghelp:elf_search_auxv can't find symbol in module
00cc:fixme:dbghelp:elf_search_auxv can't find symbol in module
00cc:fixme:dbghelp:elf_search_auxv can't find symbol in module
00cc:fixme:dbghelp:elf_search_auxv can't find symbol in module
00cc:fixme:dbghelp:elf_search_auxv can't find symbol in module
00cc:fixme:dbghelp:elf_search_auxv can't find symbol in module
00cc:fixme:dbghelp:elf_search_auxv can't find symbol in module
00cc:fixme:dbghelp:elf_search_auxv can't find symbol in module
00cc:fixme:dbghelp:elf_search_auxv can't find symbol in module
00cc:fixme:dbghelp:elf_search_auxv can't find symbol in module
00cc:fixme:dbghelp:elf_search_auxv can't find symbol in module
00cc:fixme:dbghelp:elf_search_auxv can't find symbol in module
00cc:fixme:dbghelp:elf_search_auxv can't find symbol in module
00cc:fixme:dbghelp:elf_search_auxv can't find symbol in module
00cc:fixme:dbghelp:elf_search_auxv can't find symbol in module
00cc:fixme:dbghelp:elf_search_auxv can't find symbol in module
00cc:fixme:dbghelp:elf_search_auxv can't find symbol in module
00cc:fixme:dbghelp:elf_search_auxv can't find symbol in module
00cc:fixme:dbghelp:elf_search_auxv can't find symbol in module
00cc:fixme:dbghelp:elf_search_auxv can't find symbol in module
00cc:fixme:dbghelp:elf_search_auxv can't find symbol in module
00cc:fixme:dbghelp:elf_search_auxv can't find symbol in module
00cc:fixme:dbghelp:elf_search_auxv can't find symbol in module
00cc:fixme:dbghelp:elf_search_auxv can't find symbol in module
00cc:fixme:dbghelp:elf_search_auxv can't find symbol in module
00cc:fixme:dbghelp:elf_search_auxv can't find symbol in module
00cc:fixme:dbghelp:elf_search_auxv can't find symbol in module
00cc:fixme:dbghelp:elf_search_auxv can't find symbol in module
00cc:fixme:dbghelp:elf_search_auxv can't find symbol in module
00cc:fixme:dbghelp:elf_search_auxv can't find symbol in module
00cc:fixme:dbghelp:elf_search_auxv can't find symbol in module
00cc:fixme:dbghelp:elf_search_auxv can't find symbol in module
00cc:fixme:dbghelp:elf_search_auxv can't find symbol in module
00cc:fixme:dbghelp:elf_search_auxv can't find symbol in module
00cc:fixme:dbghelp:elf_search_auxv can't find symbol in module
00cc:fixme:dbghelp:elf_search_auxv can't find symbol in module
00cc:fixme:dbghelp:elf_search_auxv can't find symbol in module
00cc:fixme:dbghelp:elf_search_auxv can't find symbol in module
00cc:fixme:dbghelp:elf_search_auxv can't find symbol in module
00cc:fixme:dbghelp:elf_search_auxv can't find symbol in module
00cc:fixme:dbghelp:elf_search_auxv can't find symbol in module
00cc:fixme:dbghelp:elf_search_auxv can't find symbol in module
00cc:fixme:dbghelp:elf_search_auxv can't find symbol in module
00cc:fixme:dbghelp:elf_search_auxv can't find symbol in module
00cc:fixme:dbghelp:elf_search_auxv can't find symbol in module
00cc:fixme:dbghelp:elf_search_auxv can't find symbol in module
00cc:fixme:dbghelp:elf_search_auxv can't find symbol in module
00cc:fixme:dbghelp:elf_search_auxv can't find symbol in module
00cc:fixme:dbghelp:elf_search_auxv can't find symbol in module
00cc:fixme:dbghelp:elf_search_auxv can't find symbol in module
00cc:fixme:dbghelp:elf_search_auxv can't find symbol in module
00cc:fixme:dbghelp:elf_search_auxv can't find symbol in module
00cc:fixme:dbghelp:elf_search_auxv can't find symbol in module
00cc:fixme:dbghelp:elf_search_auxv can't find symbol in module
00cc:fixme:dbghelp:elf_search_auxv can't find symbol in module
00cc:fixme:dbghelp:elf_search_auxv can't find symbol in module
00cc:fixme:dbghelp:elf_search_auxv can't find symbol in module
00cc:fixme:dbghelp:elf_search_auxv can't find symbol in module
00cc:fixme:dbghelp:elf_search_auxv can't find symbol in module
00cc:fixme:dbghelp:elf_search_auxv can't find symbol in module
00cc:fixme:dbghelp:elf_search_auxv can't find symbol in module
00cc:fixme:dbghelp:elf_search_auxv can't find symbol in module
00cc:fixme:dbghelp:elf_search_auxv can't find symbol in module
00cc:fixme:dbghelp:elf_search_auxv can't find symbol in module
00cc:fixme:dbghelp:elf_search_auxv can't find symbol in module
00cc:fixme:dbghelp:elf_search_auxv can't find symbol in module
00cc:fixme:dbghelp:elf_search_auxv can't find symbol in module
00cc:fixme:dbghelp:elf_search_auxv can't find symbol in module
00cc:fixme:dbghelp:elf_search_auxv can't find symbol in module
00cc:fixme:dbghelp:elf_search_auxv can't find symbol in module
00cc:fixme:dbghelp:elf_search_auxv can't find symbol in module
00cc:fixme:dbghelp:elf_search_auxv can't find symbol in module
00cc:fixme:dbghelp:elf_search_auxv can't find symbol in module
00cc:fixme:dbghelp:elf_search_auxv can't find symbol in module
00cc:fixme:dbghelp:elf_search_auxv can't find symbol in module
00cc:fixme:dbghelp:elf_search_auxv can't find symbol in module
00cc:fixme:faultrep:ReportFault 00007FFFFE5CEA10 0x0 stub
[10/12/2023, 8:08:02 AM] XDG_CONFIG_HOME=/home/dennysesay/.config/heroic/legendaryConfig /opt/Heroic/resources/app.asar.unpacked/build/bin/linux/legendary list --third-party
[cli] INFO: Logging in...
[Core] INFO: Trying to re-use existing login session...
[cli] INFO: Getting game list... (this may take a while)

Available games:
 * Fall Guys (App name: 0a2d9f6403244d12969e11da6713137b | Version: EGS_4919)
 * Fortnite (App name: Fortnite | Version: ++Fortnite+Release-26.30-CL-28509302-Windows)
 * Honkai Impact 3rd (App name: 0dc22b543a40440fab5a98d1e40c02c1 | Version: 2.25.2)
 * MultiVersus (App name: 711c5e95dc094ca58e5f16bd48e751d6 | Version: 80480)
 * Rocket League速 (App name: Sugar | Version: BC2_Update45+430366)
 * Trackmania (App name: Pigeon | Version: 1.3)
  - This game can be activated directly on your Ubisoft account and does not require legendary to install/run. Use "legendary activate --uplay" and follow the instructions.
 * VALORANT (App name: 602eb4abc8764c87b7f2607a1ef8c18e | Version: 4352238-29145)

Total: 7

Legendary update available!
- New version: 0.20.33 - "Undue Alarm"
- Release summary:
 [*] Improved handling of SDL changes
 [*] Added safeguards to prevent two simultaneous instances from corrupting the database
 [*] Added support for running uninstallers
 [*] More gracefully handles account errors
See full changelog for additional details.
- Release URL: https://legendary.gl/release/0.20.33

- Download URL: https://legendary.gl/release/download/0.20.33/legendary
[10/12/2023, 8:08:30 AM] XDG_CONFIG_HOME=/home/dennysesay/.config/heroic/legendaryConfig /opt/Heroic/resources/app.asar.unpacked/build/bin/linux/legendary info 0a2d9f6403244d12969e11da6713137b --json --platform Windows
[Core] INFO: Trying to re-use existing login session...
{"game": {"app_name": "0a2d9f6403244d12969e11da6713137b", "title": "Fall Guys", "version": "EGS_4919", "platform_versions": {"Windows": "EGS_4919"}, "cloud_saves_supported": false, "cloud_save_folder": null, "cloud_save_folder_mac": null, "is_dlc": false, "external_activation": null, "launch_options": [], "owned_dlc": []}, "install": null, "manifest": {"size": 476267, "type": "binary", "version": 17, "feature_level": 17, "app_name": "4b4264baef5e42d3b952c0ff5114e292", "launch_exe": "RunFallGuys.exe", "launch_command": "", "build_version": "EGS_4919", "build_id": "o2vySHJhGkNykswgkVF0osVMRLo", "prerequisites": {"ids": ["EasyAntiCheatFallGuys"], "name": "", "path": "EasyAntiCheat/EasyAntiCheat_Setup.exe", "args": "install 591 -console"}, "install_tags": [""], "num_files": 2093, "num_chunks": 6000, "disk_size": 6288657744, "download_size": 5545986290, "tag_disk_size": [], "tag_download_size": []}}
[10/12/2023, 8:08:46 AM] XDG_CONFIG_HOME=/home/dennysesay/.config/heroic/legendaryConfig /opt/Heroic/resources/app.asar.unpacked/build/bin/linux/legendary install 0a2d9f6403244d12969e11da6713137b --platform Windows --base-path /home/dennysesay/Games/Heroic --skip-dlcs -y --skip-sdl
[Core] INFO: Trying to re-use existing login session...
[cli] INFO: Preparing download for "Fall Guys" (0a2d9f6403244d12969e11da6713137b)...
[Core] INFO: Parsing game manifest...
[Core] INFO: Install path: /home/dennysesay/Games/Heroic/FallGuys
[Core] INFO: Selected CDN: download.epicgames.com (https)
[cli] INFO: Install size: 5997.33 MiB
[cli] INFO: Download size: 5289.06 MiB (Compression savings: 11.8%)
[cli] INFO: Reusable size: 0.00 MiB (chunks) / 0.00 MiB (unchanged / skipped)
[cli] INFO: Downloads are resumable, you can interrupt the download with CTRL-C and resume it using the same command later on.

Installation requirements check returned the following results:
 - Warning: (Linux) This game uses EasyAntiCheat and may not run on linux


This game may have compatibility issues or require additional setup, see: https://github.com/Heroic-Games-Launcher/HeroicGamesLauncher/wiki/Fall-Guys

[DLManager] INFO: Download Manager running with process-id: 11042
[DLManager] INFO: Starting download workers...
[DLManager] INFO: Starting file writing worker...
[DLManager] INFO: = Progress: 0.00% (0/8542), Running for 00:00:00, ETA: 00:00:00
[DLManager] INFO:  - Downloaded: 0.00 MiB, Written: 0.00 MiB
[DLManager] INFO:  - Cache usage: 3.00 MiB, active tasks: 2
[DLManager] INFO:  + Download	- 0.00 MiB/s (raw) / 0.00 MiB/s (decompressed)
[DLManager] INFO:  + Disk	- 0.00 MiB/s (write) / 0.00 MiB/s (read)
[DLManager] INFO: = Progress: 0.05% (4/8542), Running for 00:00:01, ETA: 00:35:43
[DLManager] INFO:  - Downloaded: 1.26 MiB, Written: 1.00 MiB
[DLManager] INFO:  - Cache usage: 34.00 MiB, active tasks: 32
[DLManager] INFO:  + Download	- 1.26 MiB/s (raw) / 3.00 MiB/s (decompressed)
[DLManager] INFO:  + Disk	- 1.00 MiB/s (write) / 0.00 MiB/s (read)
[DLManager] INFO: = Progress: 0.05% (4/8542), Running for 00:00:02, ETA: 01:11:20
[DLManager] INFO:  - Downloaded: 4.49 MiB, Written: 1.00 MiB
[DLManager] INFO:  - Cache usage: 40.00 MiB, active tasks: 32
[DLManager] INFO:  + Download	- 3.22 MiB/s (raw) / 5.99 MiB/s (decompressed)
[DLManager] INFO:  + Disk	- 0.00 MiB/s (write) / 0.00 MiB/s (read)
[DLManager] INFO: = Progress: 0.59% (50/8542), Running for 00:00:03, ETA: 00:08:30
[DLManager] INFO:  - Downloaded: 11.08 MiB, Written: 14.23 MiB
[DLManager] INFO:  - Cache usage: 35.00 MiB, active tasks: 32
[DLManager] INFO:  + Download	- 6.58 MiB/s (raw) / 6.99 MiB/s (decompressed)
[DLManager] INFO:  + Disk	- 13.22 MiB/s (write) / 0.00 MiB/s (read)
[DLManager] INFO: = Progress: 0.68% (58/8542), Running for 00:00:04, ETA: 00:09:46
[DLManager] INFO:  - Downloaded: 19.04 MiB, Written: 22.23 MiB
[DLManager] INFO:  - Cache usage: 35.00 MiB, active tasks: 32
[DLManager] INFO:  + Download	- 7.95 MiB/s (raw) / 7.99 MiB/s (decompressed)
[DLManager] INFO:  + Disk	- 7.99 MiB/s (write) / 0.00 MiB/s (read)
[10/12/2023, 8:08:52 AM] XDG_CONFIG_HOME=/home/dennysesay/.config/heroic/legendaryConfig /opt/Heroic/resources/app.asar.unpacked/build/bin/linux/legendary info 602eb4abc8764c87b7f2607a1ef8c18e --json --platform Windows
[10/12/2023, 8:08:52 AM] XDG_CONFIG_HOME=/home/dennysesay/.config/heroic/legendaryConfig /opt/Heroic/resources/app.asar.unpacked/build/bin/linux/legendary info 602eb4abc8764c87b7f2607a1ef8c18e --json --platform Windows
[DLManager] INFO: = Progress: 0.69% (59/8542), Running for 00:00:05, ETA: 00:12:00
[DLManager] INFO:  - Downloaded: 20.99 MiB, Written: 23.23 MiB
[DLManager] INFO:  - Cache usage: 36.00 MiB, active tasks: 32
[DLManager] INFO:  + Download	- 1.95 MiB/s (raw) / 2.00 MiB/s (decompressed)
[DLManager] INFO:  + Disk	- 1.00 MiB/s (write) / 0.00 MiB/s (read)
[Core] INFO: Trying to re-use existing login session...
[DLManager] INFO: = Progress: 0.83% (71/8542), Running for 00:00:06, ETA: 00:11:57
[DLManager] INFO:  - Downloaded: 29.94 MiB, Written: 33.12 MiB
[DLManager] INFO:  - Cache usage: 35.00 MiB, active tasks: 32
[DLManager] INFO:  + Download	- 8.94 MiB/s (raw) / 8.99 MiB/s (decompressed)
[DLManager] INFO:  + Disk	- 9.88 MiB/s (write) / 0.00 MiB/s (read)
[DLManager] INFO: = Progress: 0.91% (78/8542), Running for 00:00:07, ETA: 00:12:40
[DLManager] INFO:  - Downloaded: 35.94 MiB, Written: 39.16 MiB
[DLManager] INFO:  - Cache usage: 35.00 MiB, active tasks: 32
[DLManager] INFO:  + Download	- 6.00 MiB/s (raw) / 6.00 MiB/s (decompressed)
[DLManager] INFO:  + Disk	- 6.04 MiB/s (write) / 0.00 MiB/s (read)
[DLManager] INFO: = Progress: 1.00% (85/8542), Running for 00:00:08, ETA: 00:13:17
[DLManager] INFO:  - Downloaded: 42.93 MiB, Written: 46.16 MiB
[DLManager] INFO:  - Cache usage: 35.00 MiB, active tasks: 32
[DLManager] INFO:  + Download	- 6.98 MiB/s (raw) / 6.99 MiB/s (decompressed)
[DLManager] INFO:  + Disk	- 6.99 MiB/s (write) / 0.00 MiB/s (read)
{"game": {"app_name": "602eb4abc8764c87b7f2607a1ef8c18e", "title": "VALORANT", "version": "4352238-29145", "platform_versions": {"Windows": "4352238-29145"}, "cloud_saves_supported": false, "cloud_save_folder": null, "cloud_save_folder_mac": null, "is_dlc": false, "external_activation": null, "launch_options": [], "owned_dlc": []}, "install": null, "manifest": {"size": 22666, "type": "json", "version": 13, "feature_level": 13, "app_name": "0578b99425c844c1874a2b99bfadd74e", "launch_exe": "Live.exe", "launch_command": "--launch-product=valorant --launch-patchline=live --thirdparty", "build_version": "4352238-29145", "build_id": "emGvxuXLmS_tex1Lgh-vsYKI0RI", "prerequisites": null, "install_tags": [""], "num_files": 1, "num_chunks": 66, "disk_size": 69040184, "download_size": 65045509, "tag_disk_size": [], "tag_download_size": []}}
[DLManager] INFO: = Progress: 1.07% (91/8542), Running for 00:00:09, ETA: 00:13:57
[DLManager] INFO:  - Downloaded: 48.93 MiB, Written: 52.16 MiB
[DLManager] INFO:  - Cache usage: 35.00 MiB, active tasks: 32
[DLManager] INFO:  + Download	- 5.99 MiB/s (raw) / 5.99 MiB/s (decompressed)
[DLManager] INFO:  + Disk	- 5.99 MiB/s (write) / 0.00 MiB/s (read)
[DLManager] INFO: = Progress: 1.11% (95/8542), Running for 00:00:10, ETA: 00:14:50
[DLManager] INFO:  - Downloaded: 52.93 MiB, Written: 56.16 MiB
[DLManager] INFO:  - Cache usage: 35.00 MiB, active tasks: 32
[DLManager] INFO:  + Download	- 3.99 MiB/s (raw) / 4.00 MiB/s (decompressed)
[DLManager] INFO:  + Disk	- 4.00 MiB/s (write) / 0.00 MiB/s (read)
[DLManager] INFO: = Progress: 1.19% (102/8542), Running for 00:00:11, ETA: 00:15:11
[DLManager] INFO:  - Downloaded: 59.92 MiB, Written: 63.16 MiB
[DLManager] INFO:  - Cache usage: 35.00 MiB, active tasks: 32
[DLManager] INFO:  + Download	- 6.99 MiB/s (raw) / 6.99 MiB/s (decompressed)
[DLManager] INFO:  + Disk	- 6.99 MiB/s (write) / 0.00 MiB/s (read)
[DLManager] INFO: = Progress: 1.29% (110/8542), Running for 00:00:12, ETA: 00:15:21
[DLManager] INFO:  - Downloaded: 67.92 MiB, Written: 71.16 MiB
[DLManager] INFO:  - Cache usage: 35.00 MiB, active tasks: 32
[DLManager] INFO:  + Download	- 7.99 MiB/s (raw) / 8.00 MiB/s (decompressed)
[DLManager] INFO:  + Disk	- 8.00 MiB/s (write) / 0.00 MiB/s (read)
[DLManager] INFO: = Progress: 1.32% (113/8542), Running for 00:00:13, ETA: 00:16:10
[DLManager] INFO:  - Downloaded: 72.91 MiB, Written: 74.16 MiB
[DLManager] INFO:  - Cache usage: 37.00 MiB, active tasks: 32
[DLManager] INFO:  + Download	- 4.99 MiB/s (raw) / 4.99 MiB/s (decompressed)
[DLManager] INFO:  + Disk	- 3.00 MiB/s (write) / 0.00 MiB/s (read)
[DLManager] INFO: = Progress: 1.43% (122/8542), Running for 00:00:14, ETA: 00:16:07
[DLManager] INFO:  - Downloaded: 79.91 MiB, Written: 83.16 MiB
[DLManager] INFO:  - Cache usage: 35.00 MiB, active tasks: 32
[DLManager] INFO:  + Download	- 6.99 MiB/s (raw) / 7.00 MiB/s (decompressed)
[DLManager] INFO:  + Disk	- 9.00 MiB/s (write) / 0.00 MiB/s (read)
[DLManager] INFO: = Progress: 1.43% (122/8542), Running for 00:00:15, ETA: 00:17:16
[DLManager] INFO:  - Downloaded: 81.90 MiB, Written: 83.16 MiB
[DLManager] INFO:  - Cache usage: 37.00 MiB, active tasks: 32
[DLManager] INFO:  + Download	- 2.00 MiB/s (raw) / 2.00 MiB/s (decompressed)
[DLManager] INFO:  + Disk	- 0.00 MiB/s (write) / 0.00 MiB/s (read)
[DLManager] INFO: = Progress: 1.50% (128/8542), Running for 00:00:16, ETA: 00:17:33
[DLManager] INFO:  - Downloaded: 85.42 MiB, Written: 88.24 MiB
[DLManager] INFO:  - Cache usage: 36.00 MiB, active tasks: 32
[DLManager] INFO:  + Download	- 3.51 MiB/s (raw) / 4.00 MiB/s (decompressed)
[DLManager] INFO:  + Disk	- 5.06 MiB/s (write) / 0.00 MiB/s (read)
[DLManager] INFO: = Progress: 1.53% (131/8542), Running for 00:00:17, ETA: 00:18:12
[DLManager] INFO:  - Downloaded: 89.39 MiB, Written: 90.10 MiB
[DLManager] INFO:  - Cache usage: 38.00 MiB, active tasks: 32
[DLManager] INFO:  + Download	- 3.97 MiB/s (raw) / 4.00 MiB/s (decompressed)
[DLManager] INFO:  + Disk	- 1.86 MiB/s (write) / 0.00 MiB/s (read)
[DLManager] INFO: = Progress: 1.65% (141/8542), Running for 00:00:18, ETA: 00:17:53
[DLManager] INFO:  - Downloaded: 94.37 MiB, Written: 98.09 MiB
[DLManager] INFO:  - Cache usage: 34.00 MiB, active tasks: 32
[DLManager] INFO:  + Download	- 4.97 MiB/s (raw) / 4.99 MiB/s (decompressed)
[DLManager] INFO:  + Disk	- 7.98 MiB/s (write) / 0.00 MiB/s (read)
[DLManager] INFO: = Progress: 1.69% (144/8542), Running for 00:00:19, ETA: 00:18:29
[DLManager] INFO:  - Downloaded: 97.37 MiB, Written: 101.09 MiB
[DLManager] INFO:  - Cache usage: 34.00 MiB, active tasks: 32
[DLManager] INFO:  + Download	- 2.99 MiB/s (raw) / 3.00 MiB/s (decompressed)
[DLManager] INFO:  + Disk	- 3.00 MiB/s (write) / 0.00 MiB/s (read)
[DLManager] INFO: = Progress: 1.74% (149/8542), Running for 00:00:20, ETA: 00:18:47
[DLManager] INFO:  - Downloaded: 102.57 MiB, Written: 106.09 MiB
[DLManager] INFO:  - Cache usage: 35.00 MiB, active tasks: 32
[DLManager] INFO:  + Download	- 5.21 MiB/s (raw) / 6.00 MiB/s (decompressed)
[DLManager] INFO:  + Disk	- 5.00 MiB/s (write) / 0.00 MiB/s (read)
[DLManager] INFO: = Progress: 1.84% (157/8542), Running for 00:00:21, ETA: 00:18:42
[DLManager] INFO:  - Downloaded: 112.79 MiB, Written: 114.09 MiB
[DLManager] INFO:  - Cache usage: 41.00 MiB, active tasks: 32
[DLManager] INFO:  + Download	- 10.20 MiB/s (raw) / 13.98 MiB/s (decompressed)
[DLManager] INFO:  + Disk	- 7.99 MiB/s (write) / 0.00 MiB/s (read)
[DLManager] INFO: = Progress: 2.24% (191/8542), Running for 00:00:22, ETA: 00:16:03
[DLManager] INFO:  - Downloaded: 119.82 MiB, Written: 139.09 MiB
[DLManager] INFO:  - Cache usage: 34.00 MiB, active tasks: 32
[DLManager] INFO:  + Download	- 7.02 MiB/s (raw) / 17.98 MiB/s (decompressed)
[DLManager] INFO:  + Disk	- 24.97 MiB/s (write) / 0.00 MiB/s (read)
[DLManager] INFO: = Progress: 2.60% (222/8542), Running for 00:00:23, ETA: 00:14:23
[DLManager] INFO:  - Downloaded: 126.73 MiB, Written: 155.13 MiB
[DLManager] INFO:  - Cache usage: 35.00 MiB, active tasks: 32
[DLManager] INFO:  + Download	- 6.91 MiB/s (raw) / 15.99 MiB/s (decompressed)
[DLManager] INFO:  + Disk	- 16.03 MiB/s (write) / 0.00 MiB/s (read)
[DLManager] INFO: = Progress: 2.73% (233/8542), Running for 00:00:24, ETA: 00:14:16
[DLManager] INFO:  - Downloaded: 132.14 MiB, Written: 164.47 MiB
[DLManager] INFO:  - Cache usage: 46.00 MiB, active tasks: 32
[DLManager] INFO:  + Download	- 5.41 MiB/s (raw) / 19.98 MiB/s (decompressed)
[DLManager] INFO:  + Disk	- 9.32 MiB/s (write) / 0.00 MiB/s (read)
[DLManager] INFO: = Progress: 3.01% (257/8542), Running for 00:00:25, ETA: 00:13:26
[DLManager] INFO:  - Downloaded: 133.85 MiB, Written: 176.87 MiB
[DLManager] INFO:  - Cache usage: 39.00 MiB, active tasks: 32
[DLManager] INFO:  + Download	- 1.70 MiB/s (raw) / 5.99 MiB/s (decompressed)
[DLManager] INFO:  + Disk	- 12.39 MiB/s (write) / 0.00 MiB/s (read)
[DLManager] INFO: = Progress: 3.16% (270/8542), Running for 00:00:26, ETA: 00:13:17
[DLManager] INFO:  - Downloaded: 136.28 MiB, Written: 182.07 MiB
[DLManager] INFO:  - Cache usage: 37.00 MiB, active tasks: 32
[DLManager] INFO:  + Download	- 2.43 MiB/s (raw) / 3.00 MiB/s (decompressed)
[DLManager] INFO:  + Disk	- 5.20 MiB/s (write) / 0.00 MiB/s (read)
[DLManager] INFO: = Progress: 3.39% (290/8542), Running for 00:00:27, ETA: 00:12:49
[DLManager] INFO:  - Downloaded: 147.15 MiB, Written: 196.75 MiB
[DLManager] INFO:  - Cache usage: 35.00 MiB, active tasks: 32
[DLManager] INFO:  + Download	- 10.86 MiB/s (raw) / 11.99 MiB/s (decompressed)
[DLManager] INFO:  + Disk	- 14.66 MiB/s (write) / 0.00 MiB/s (read)
[DLManager] INFO: = Progress: 3.41% (291/8542), Running for 00:00:28, ETA: 00:13:14
[DLManager] INFO:  - Downloaded: 148.12 MiB, Written: 197.75 MiB
[DLManager] INFO:  - Cache usage: 35.00 MiB, active tasks: 32
[DLManager] INFO:  + Download	- 0.97 MiB/s (raw) / 1.00 MiB/s (decompressed)
[DLManager] INFO:  + Disk	- 1.00 MiB/s (write) / 0.00 MiB/s (read)
[DLManager] INFO: = Progress: 3.57% (305/8542), Running for 00:00:29, ETA: 00:13:04
[DLManager] INFO:  - Downloaded: 161.48 MiB, Written: 211.75 MiB
[DLManager] INFO:  - Cache usage: 35.00 MiB, active tasks: 32
[DLManager] INFO:  + Download	- 13.35 MiB/s (raw) / 13.99 MiB/s (decompressed)
[DLManager] INFO:  + Disk	- 13.99 MiB/s (write) / 0.00 MiB/s (read)
[DLManager] INFO: = Progress: 3.59% (307/8542), Running for 00:00:30, ETA: 00:13:25
[DLManager] INFO:  - Downloaded: 163.36 MiB, Written: 213.75 MiB
[DLManager] INFO:  - Cache usage: 35.00 MiB, active tasks: 32
[DLManager] INFO:  + Download	- 1.88 MiB/s (raw) / 2.00 MiB/s (decompressed)
[DLManager] INFO:  + Disk	- 2.00 MiB/s (write) / 0.00 MiB/s (read)
[DLManager] INFO: = Progress: 3.65% (312/8542), Running for 00:00:31, ETA: 00:13:38
[DLManager] INFO:  - Downloaded: 168.01 MiB, Written: 218.75 MiB
[DLManager] INFO:  - Cache usage: 35.00 MiB, active tasks: 32
[DLManager] INFO:  + Download	- 4.65 MiB/s (raw) / 4.99 MiB/s (decompressed)
[DLManager] INFO:  + Disk	- 4.99 MiB/s (write) / 0.00 MiB/s (read)
[DLManager] INFO: = Progress: 3.77% (322/8542), Running for 00:00:32, ETA: 00:13:37
[DLManager] INFO:  - Downloaded: 177.51 MiB, Written: 228.75 MiB
[DLManager] INFO:  - Cache usage: 35.00 MiB, active tasks: 32
[DLManager] INFO:  + Download	- 9.49 MiB/s (raw) / 9.99 MiB/s (decompressed)
[DLManager] INFO:  + Disk	- 9.99 MiB/s (write) / 0.00 MiB/s (read)
[DLManager] INFO: = Progress: 3.79% (324/8542), Running for 00:00:33, ETA: 00:13:58
[DLManager] INFO:  - Downloaded: 179.37 MiB, Written: 230.75 MiB
[DLManager] INFO:  - Cache usage: 35.00 MiB, active tasks: 32
[DLManager] INFO:  + Download	- 1.86 MiB/s (raw) / 2.00 MiB/s (decompressed)
[DLManager] INFO:  + Disk	- 2.00 MiB/s (write) / 0.00 MiB/s (read)
[DLManager] INFO: = Progress: 3.86% (330/8542), Running for 00:00:34, ETA: 00:14:07
[DLManager] INFO:  - Downloaded: 187.81 MiB, Written: 236.75 MiB
[DLManager] INFO:  - Cache usage: 38.00 MiB, active tasks: 32
[DLManager] INFO:  + Download	- 8.43 MiB/s (raw) / 8.99 MiB/s (decompressed)
[DLManager] INFO:  + Disk	- 5.99 MiB/s (write) / 0.00 MiB/s (read)
[DLManager] INFO: = Progress: 3.96% (338/8542), Running for 00:00:35, ETA: 00:14:10
[DLManager] INFO:  - Downloaded: 193.53 MiB, Written: 244.75 MiB
[DLManager] INFO:  - Cache usage: 36.00 MiB, active tasks: 32
[DLManager] INFO:  + Download	- 5.72 MiB/s (raw) / 5.99 MiB/s (decompressed)
[DLManager] INFO:  + Disk	- 7.99 MiB/s (write) / 0.00 MiB/s (read)
[DLManager] INFO: = Progress: 4.02% (343/8542), Running for 00:00:36, ETA: 00:14:21
[DLManager] INFO:  - Downloaded: 197.36 MiB, Written: 249.75 MiB
[DLManager] INFO:  - Cache usage: 35.00 MiB, active tasks: 32
[DLManager] INFO:  + Download	- 3.83 MiB/s (raw) / 4.00 MiB/s (decompressed)
[DLManager] INFO:  + Disk	- 4.99 MiB/s (write) / 0.00 MiB/s (read)
multiprocessing/resource_tracker.py:216: UserWarning: resource_tracker: There appear to be 1 leaked shared_memory objects to clean up at shutdown
[10/12/2023, 8:09:24 AM] XDG_CONFIG_HOME=/home/dennysesay/.config/heroic/legendaryConfig /opt/Heroic/resources/app.asar.unpacked/build/bin/linux/legendary list --third-party
[cli] INFO: Logging in...
[Core] INFO: Trying to re-use existing login session...
[cli] INFO: Getting game list... (this may take a while)

Available games:
 * Fall Guys (App name: 0a2d9f6403244d12969e11da6713137b | Version: EGS_4919)
 * Fortnite (App name: Fortnite | Version: ++Fortnite+Release-26.30-CL-28509302-Windows)
 * Honkai Impact 3rd (App name: 0dc22b543a40440fab5a98d1e40c02c1 | Version: 2.25.2)
 * MultiVersus (App name: 711c5e95dc094ca58e5f16bd48e751d6 | Version: 80480)
 * Rocket League速 (App name: Sugar | Version: BC2_Update45+430366)
 * Trackmania (App name: Pigeon | Version: 1.3)
  - This game can be activated directly on your Ubisoft account and does not require legendary to install/run. Use "legendary activate --uplay" and follow the instructions.
 * VALORANT (App name: 602eb4abc8764c87b7f2607a1ef8c18e | Version: 4352238-29145)

Total: 7

Legendary update available!
- New version: 0.20.33 - "Undue Alarm"
- Release summary:
 [*] Improved handling of SDL changes
 [*] Added safeguards to prevent two simultaneous instances from corrupting the database
 [*] Added support for running uninstallers
 [*] More gracefully handles account errors
See full changelog for additional details.
- Release URL: https://legendary.gl/release/0.20.33

- Download URL: https://legendary.gl/release/download/0.20.33/legendary
[10/12/2023, 8:09:34 AM] XDG_CONFIG_HOME=/home/dennysesay/.config/heroic/legendaryConfig /opt/Heroic/resources/app.asar.unpacked/build/bin/linux/legendary info Pigeon --json --platform Windows
[10/12/2023, 8:09:34 AM] XDG_CONFIG_HOME=/home/dennysesay/.config/heroic/legendaryConfig /opt/Heroic/resources/app.asar.unpacked/build/bin/linux/legendary info Pigeon --json --platform Windows
[Core] INFO: Trying to re-use existing login session...
{"game": {"app_name": "Pigeon", "title": "Trackmania", "version": "1.3", "platform_versions": {"Windows": "1.3"}, "cloud_saves_supported": false, "cloud_save_folder": null, "cloud_save_folder_mac": null, "is_dlc": false, "external_activation": "ubisoft", "launch_options": [], "owned_dlc": []}, "install": null, "manifest": {"size": 240560, "type": "binary", "version": 17, "feature_level": 17, "app_name": "PigeonStaging", "launch_exe": "UplayLaunch.exe", "launch_command": "-UplayId=5595", "build_version": "1.3", "build_id": "lvDraMeHQgErGAMYGMuDYFsbZ8A", "prerequisites": {"ids": ["uplay"], "name": "", "path": "Uplay/UplayInstaller.exe", "args": "/S"}, "install_tags": [""], "num_files": 32, "num_chunks": 3618, "disk_size": 3823829156, "download_size": 2979870665, "tag_disk_size": [], "tag_download_size": []}}
[10/12/2023, 8:09:49 AM] XDG_CONFIG_HOME=/home/dennysesay/.config/heroic/legendaryConfig /opt/Heroic/resources/app.asar.unpacked/build/bin/linux/legendary info 711c5e95dc094ca58e5f16bd48e751d6 --json --platform Windows
[10/12/2023, 8:09:49 AM] XDG_CONFIG_HOME=/home/dennysesay/.config/heroic/legendaryConfig /opt/Heroic/resources/app.asar.unpacked/build/bin/linux/legendary info 711c5e95dc094ca58e5f16bd48e751d6 --json --platform Windows
[Core] INFO: Trying to re-use existing login session...
{"game": {"app_name": "711c5e95dc094ca58e5f16bd48e751d6", "title": "MultiVersus", "version": "80480", "platform_versions": {"Windows": "80480"}, "cloud_saves_supported": false, "cloud_save_folder": null, "cloud_save_folder_mac": null, "is_dlc": false, "external_activation": null, "launch_options": [], "owned_dlc": []}, "install": null, "manifest": {"size": 513837, "type": "binary", "version": 17, "feature_level": 17, "app_name": "711c5e95dc094ca58e5f16bd48e751d6", "launch_exe": "start_protected_game.exe", "launch_command": "", "build_version": "80480", "build_id": "kNquvmOOWksA6zZffHrP0EYkIXI", "prerequisites": {"ids": ["EAC"], "name": "", "path": "EasyAntiCheat/EasyAntiCheat_EOS_Setup.exe", "args": "install 5f8c5b9a91ca4e33b4afe3040b27e45e"}, "install_tags": [""], "num_files": 204, "num_chunks": 7497, "disk_size": 7873719688, "download_size": 7263167905, "tag_disk_size": [], "tag_download_size": []}}
[10/12/2023, 8:09:57 AM] XDG_CONFIG_HOME=/home/dennysesay/.config/heroic/legendaryConfig /opt/Heroic/resources/app.asar.unpacked/build/bin/linux/legendary eos-overlay info --prefix /home/dennysesay/Games/Heroic/Prefixes/default
[cli] INFO: Using prefix "/home/dennysesay/Games/Heroic/Prefixes/default"
[cli] INFO: No Legendary-managed installation found.
[cli] INFO: Found available Overlay installations in:
[cli] INFO: Overlay enabled: No
[cli] INFO: Enabled Overlay path: None
[cli] INFO: No enabled Vulkan layers.
[10/12/2023, 8:09:57 AM] XDG_CONFIG_HOME=/home/dennysesay/.config/heroic/legendaryConfig /opt/Heroic/resources/app.asar.unpacked/build/bin/linux/legendary info Sugar --json --platform Windows
[10/12/2023, 8:09:57 AM] XDG_CONFIG_HOME=/home/dennysesay/.config/heroic/legendaryConfig /opt/Heroic/resources/app.asar.unpacked/build/bin/linux/legendary info Sugar --json --platform Windows
[Core] INFO: Trying to re-use existing login session...
{"game": {"app_name": "Sugar", "title": "Rocket League\u00ae", "version": "BC2_Update45+430366", "platform_versions": {"Windows": "BC2_Update45+430366"}, "cloud_saves_supported": false, "cloud_save_folder": null, "cloud_save_folder_mac": null, "is_dlc": false, "external_activation": null, "launch_options": [], "owned_dlc": []}, "install": {"platform": "Windows", "version": "BC2_Update45+430366", "disk_size": 27117569851, "install_path": "/home/dennysesay/Games/Heroic/rocketleague", "save_path": null, "synced_egl_guid": "", "install_tags": [], "requires_ovt": false, "installed_dlc": []}, "manifest": {"size": 2106600, "type": "binary", "version": 17, "feature_level": 17, "app_name": "SugarStaging", "launch_exe": "Binaries/Win64/RocketLeague.exe", "launch_command": "", "build_version": "BC2_Update45+430366", "build_id": "cU5ZWeU1QoO4OLS3mHUzQbjEXv8", "prerequisites": null, "install_tags": [""], "num_files": 13758, "num_chunks": 23913, "disk_size": 27117569851, "download_size": 24569857957, "tag_disk_size": [], "tag_download_size": []}}
[10/12/2023, 8:17:26 AM] XDG_CONFIG_HOME=/home/dennysesay/.config/heroic/legendaryConfig /opt/Heroic/resources/app.asar.unpacked/build/bin/linux/legendary repair -y
usage: legendary install <App Name> [options]
legendary install: error: the following arguments are required: <App Name>
[10/12/2023, 8:17:26 AM] XDG_CONFIG_HOME=/home/dennysesay/.config/heroic/legendaryConfig /opt/Heroic/resources/app.asar.unpacked/build/bin/linux/legendary list --third-party
[cli] INFO: Logging in...
[Core] INFO: Trying to re-use existing login session...
[cli] INFO: Getting game list... (this may take a while)

Available games:
 * Fall Guys (App name: 0a2d9f6403244d12969e11da6713137b | Version: EGS_4919)
 * Fortnite (App name: Fortnite | Version: ++Fortnite+Release-26.30-CL-28509302-Windows)
 * Honkai Impact 3rd (App name: 0dc22b543a40440fab5a98d1e40c02c1 | Version: 2.25.2)
 * MultiVersus (App name: 711c5e95dc094ca58e5f16bd48e751d6 | Version: 80480)
 * Rocket League速 (App name: Sugar | Version: BC2_Update45+430366)
 * Trackmania (App name: Pigeon | Version: 1.3)
  - This game can be activated directly on your Ubisoft account and does not require legendary to install/run. Use "legendary activate --uplay" and follow the instructions.
 * VALORANT (App name: 602eb4abc8764c87b7f2607a1ef8c18e | Version: 4352238-29145)

Total: 7

Legendary update available!
- New version: 0.20.33 - "Undue Alarm"
- Release summary:
 [*] Improved handling of SDL changes
 [*] Added safeguards to prevent two simultaneous instances from corrupting the database
 [*] Added support for running uninstallers
 [*] More gracefully handles account errors
See full changelog for additional details.
- Release URL: https://legendary.gl/release/0.20.33

- Download URL: https://legendary.gl/release/download/0.20.33/legendary
[10/12/2023, 8:17:35 AM] HEROIC_APP_NAME=Sugar HEROIC_APP_RUNNER=legendary HEROIC_APP_SOURCE=epic LD_PRELOAD= DOTNET_BUNDLE_EXTRACT_BASE_DIR= WINEPREFIX=/home/dennysesay/Games/Heroic/Prefixes/default WINEDLLOVERRIDES=winemenubuilder.exe=d WINE_FULLSCREEN_FSR=0 WINEESYNC=1 WINEFSYNC=1 ORIG_LD_LIBRARY_PATH= XDG_CONFIG_HOME=/home/dennysesay/.config/heroic/legendaryConfig /opt/Heroic/resources/app.asar.unpacked/build/bin/linux/legendary launch Sugar --wine /sbin/wine --language en
[cli] INFO: Logging in...
[Core] INFO: Trying to re-use existing login session...
[cli] INFO: Checking for updates...
[Core] INFO: Getting authentication token...
[cli] INFO: Launching Sugar...

Legendary update available!
- New version: 0.20.33 - "Undue Alarm"
- Release summary:
 [*] Improved handling of SDL changes
 [*] Added safeguards to prevent two simultaneous instances from corrupting the database
 [*] Added support for running uninstallers
 [*] More gracefully handles account errors
See full changelog for additional details.
- Release URL: https://legendary.gl/release/0.20.33

- Download URL: https://legendary.gl/release/download/0.20.33/legendary
002c:err:wineboot:process_run_key Error running cmd L"C:\\windows\\system32\\winemenubuilder.exe -a -r" (126).
007c:fixme:hid:handle_IRP_MN_QUERY_ID Unhandled type 00000005
007c:fixme:hid:handle_IRP_MN_QUERY_ID Unhandled type 00000005
007c:fixme:hid:handle_IRP_MN_QUERY_ID Unhandled type 00000005
007c:fixme:hid:handle_IRP_MN_QUERY_ID Unhandled type 00000005
00cc:fixme:ntdll:NtQuerySystemInformation info_class SYSTEM_PERFORMANCE_INFORMATION
00cc:err:winediag:ntlm_check_version ntlm_auth was not found. Make sure that ntlm_auth >= 3.0.25 is in your path. Usually, you can find it in the winbind package of your distribution.
00cc:err:ntlm:ntlm_LsaApInitializePackage no NTLM support, expect problems
info:  Game: RocketLeague.exe
info:  DXVK: v2.3
info:  Vulkan: Found vkGetInstanceProcAddr in winevulkan.dll @ 0x2d4ad3f40
info:  Built-in extension providers:
info:    Win32 WSI
info:    OpenVR
info:    OpenXR
info:  OpenVR: could not open registry key, status 2
info:  OpenVR: Failed to locate module
info:  Enabled instance extensions:
info:    VK_KHR_get_surface_capabilities2
info:    VK_KHR_surface
info:    VK_KHR_win32_surface
00cc:err:vulkan:wine_vkCreateInstance Failed to create instance, res=-9
err:   DxvkInstance::createInstance: Failed to create Vulkan 1.1 instance
Warning, Command line -d3d11 set, but D3D11 is not supported on this machine.  Will fallback to older API.
00cc:fixme:dbghelp:elf_search_auxv can't find symbol in module
00cc:fixme:dbghelp:elf_search_auxv can't find symbol in module
00cc:fixme:dbghelp:elf_search_auxv can't find symbol in module
00cc:fixme:dbghelp:elf_search_auxv can't find symbol in module
00cc:fixme:dbghelp:elf_search_auxv can't find symbol in module
00cc:fixme:dbghelp:elf_search_auxv can't find symbol in module
00cc:fixme:dbghelp:elf_search_auxv can't find symbol in module
00cc:fixme:dbghelp:elf_search_auxv can't find symbol in module
00cc:fixme:dbghelp:elf_search_auxv can't find symbol in module
00cc:fixme:dbghelp:elf_search_auxv can't find symbol in module
00cc:fixme:dbghelp:elf_search_auxv can't find symbol in module
00cc:fixme:dbghelp:elf_search_auxv can't find symbol in module
00cc:fixme:dbghelp:elf_search_auxv can't find symbol in module
00cc:fixme:dbghelp:elf_search_auxv can't find symbol in module
00cc:fixme:dbghelp:elf_search_auxv can't find symbol in module
00cc:fixme:dbghelp:elf_search_auxv can't find symbol in module
00cc:fixme:dbghelp:elf_search_auxv can't find symbol in module
00cc:fixme:dbghelp:elf_search_auxv can't find symbol in module
00cc:fixme:dbghelp:elf_search_auxv can't find symbol in module
00cc:fixme:dbghelp:elf_search_auxv can't find symbol in module
00cc:fixme:dbghelp:elf_search_auxv can't find symbol in module
00cc:fixme:dbghelp:elf_search_auxv can't find symbol in module
00cc:fixme:dbghelp:elf_search_auxv can't find symbol in module
00cc:fixme:dbghelp:elf_search_auxv can't find symbol in module
00cc:fixme:dbghelp:elf_search_auxv can't find symbol in module
00cc:fixme:dbghelp:elf_search_auxv can't find symbol in module
00cc:fixme:dbghelp:elf_search_auxv can't find symbol in module
00cc:fixme:dbghelp:elf_search_auxv can't find symbol in module
00cc:fixme:dbghelp:elf_search_auxv can't find symbol in module
00cc:fixme:dbghelp:elf_search_auxv can't find symbol in module
00cc:fixme:dbghelp:elf_search_auxv can't find symbol in module
00cc:fixme:dbghelp:elf_search_auxv can't find symbol in module
00cc:fixme:dbghelp:elf_search_auxv can't find symbol in module
00cc:fixme:dbghelp:elf_search_auxv can't find symbol in module
00cc:fixme:dbghelp:elf_search_auxv can't find symbol in module
00cc:fixme:dbghelp:elf_search_auxv can't find symbol in module
00cc:fixme:dbghelp:elf_search_auxv can't find symbol in module
00cc:fixme:dbghelp:elf_search_auxv can't find symbol in module
00cc:fixme:dbghelp:elf_search_auxv can't find symbol in module
00cc:fixme:dbghelp:elf_search_auxv can't find symbol in module
00cc:fixme:dbghelp:elf_search_auxv can't find symbol in module
00cc:fixme:dbghelp:elf_search_auxv can't find symbol in module
00cc:fixme:dbghelp:elf_search_auxv can't find symbol in module
00cc:fixme:dbghelp:elf_search_auxv can't find symbol in module
00cc:fixme:dbghelp:elf_search_auxv can't find symbol in module
00cc:fixme:dbghelp:elf_search_auxv can't find symbol in module
00cc:fixme:dbghelp:elf_search_auxv can't find symbol in module
00cc:fixme:dbghelp:elf_search_auxv can't find symbol in module
00cc:fixme:dbghelp:elf_search_auxv can't find symbol in module
00cc:fixme:dbghelp:elf_search_auxv can't find symbol in module
00cc:fixme:dbghelp:elf_search_auxv can't find symbol in module
00cc:fixme:dbghelp:elf_search_auxv can't find symbol in module
00cc:fixme:dbghelp:elf_search_auxv can't find symbol in module
00cc:fixme:dbghelp:elf_search_auxv can't find symbol in module
00cc:fixme:dbghelp:elf_search_auxv can't find symbol in module
00cc:fixme:dbghelp:elf_search_auxv can't find symbol in module
00cc:fixme:dbghelp:elf_search_auxv can't find symbol in module
00cc:fixme:dbghelp:elf_search_auxv can't find symbol in module
00cc:fixme:dbghelp:elf_search_auxv can't find symbol in module
00cc:fixme:dbghelp:elf_search_auxv can't find symbol in module
00cc:fixme:dbghelp:elf_search_auxv can't find symbol in module
00cc:fixme:dbghelp:elf_search_auxv can't find symbol in module
00cc:fixme:dbghelp:elf_search_auxv can't find symbol in module
00cc:fixme:dbghelp:elf_search_auxv can't find symbol in module
00cc:fixme:dbghelp:elf_search_auxv can't find symbol in module
00cc:fixme:dbghelp:elf_search_auxv can't find symbol in module
00cc:fixme:dbghelp:elf_search_auxv can't find symbol in module
00cc:fixme:dbghelp:elf_search_auxv can't find symbol in module
00cc:fixme:dbghelp:elf_search_auxv can't find symbol in module
00cc:fixme:dbghelp:elf_search_auxv can't find symbol in module
00cc:fixme:dbghelp:elf_search_auxv can't find symbol in module
00cc:fixme:dbghelp:elf_search_auxv can't find symbol in module
00cc:fixme:dbghelp:elf_search_auxv can't find symbol in module
00cc:fixme:dbghelp:elf_search_auxv can't find symbol in module
00cc:fixme:dbghelp:elf_search_auxv can't find symbol in module
00cc:fixme:dbghelp:elf_search_auxv can't find symbol in module
00cc:fixme:dbghelp:elf_search_auxv can't find symbol in module
00cc:fixme:dbghelp:elf_search_auxv can't find symbol in module
00cc:fixme:dbghelp:elf_search_auxv can't find symbol in module
00cc:fixme:dbghelp:elf_search_auxv can't find symbol in module
00cc:fixme:dbghelp:elf_search_auxv can't find symbol in module
00cc:fixme:dbghelp:elf_search_auxv can't find symbol in module
00cc:fixme:dbghelp:elf_search_auxv can't find symbol in module
00cc:fixme:dbghelp:elf_search_auxv can't find symbol in module
00cc:fixme:dbghelp:elf_search_auxv can't find symbol in module
00cc:fixme:dbghelp:elf_search_auxv can't find symbol in module
00cc:fixme:dbghelp:elf_search_auxv can't find symbol in module
00cc:fixme:dbghelp:elf_search_auxv can't find symbol in module
00cc:fixme:dbghelp:elf_search_auxv can't find symbol in module
00cc:fixme:dbghelp:elf_search_auxv can't find symbol in module
00cc:fixme:dbghelp:elf_search_auxv can't find symbol in module
00cc:fixme:dbghelp:elf_search_auxv can't find symbol in module
00cc:fixme:dbghelp:elf_search_auxv can't find symbol in module
00cc:fixme:dbghelp:elf_search_auxv can't find symbol in module
00cc:fixme:dbghelp:elf_search_auxv can't find symbol in module
00cc:fixme:dbghelp:elf_search_auxv can't find symbol in module
00cc:fixme:dbghelp:elf_search_auxv can't find symbol in module
00cc:fixme:dbghelp:elf_search_auxv can't find symbol in module
00cc:fixme:dbghelp:elf_search_auxv can't find symbol in module
00cc:fixme:dbghelp:elf_search_auxv can't find symbol in module
00cc:fixme:dbghelp:elf_search_auxv can't find symbol in module
00cc:fixme:dbghelp:elf_search_auxv can't find symbol in module
00cc:fixme:dbghelp:elf_search_auxv can't find symbol in module
00cc:fixme:dbghelp:elf_search_auxv can't find symbol in module
00cc:fixme:dbghelp:elf_search_auxv can't find symbol in module
00cc:fixme:dbghelp:elf_search_auxv can't find symbol in module
00cc:fixme:dbghelp:elf_search_auxv can't find symbol in module
00cc:fixme:dbghelp:elf_search_auxv can't find symbol in module
00cc:fixme:dbghelp:elf_search_auxv can't find symbol in module
00cc:fixme:dbghelp:elf_search_auxv can't find symbol in module
00cc:fixme:dbghelp:elf_search_auxv can't find symbol in module
00cc:fixme:dbghelp:elf_search_auxv can't find symbol in module
00cc:fixme:dbghelp:elf_search_auxv can't find symbol in module
00cc:fixme:dbghelp:elf_search_auxv can't find symbol in module
00cc:fixme:dbghelp:elf_search_auxv can't find symbol in module
00cc:fixme:dbghelp:elf_search_auxv can't find symbol in module
00cc:fixme:dbghelp:elf_search_auxv can't find symbol in module
00cc:fixme:dbghelp:elf_search_auxv can't find symbol in module
00cc:fixme:dbghelp:elf_search_auxv can't find symbol in module
00cc:fixme:dbghelp:elf_search_auxv can't find symbol in module
00cc:fixme:dbghelp:elf_search_auxv can't find symbol in module
00cc:fixme:dbghelp:elf_search_auxv can't find symbol in module
00cc:fixme:dbghelp:elf_search_auxv can't find symbol in module
00cc:fixme:dbghelp:elf_search_auxv can't find symbol in module
00cc:fixme:dbghelp:elf_search_auxv can't find symbol in module
00cc:fixme:dbghelp:elf_search_auxv can't find symbol in module
00cc:fixme:dbghelp:elf_search_auxv can't find symbol in module
00cc:fixme:dbghelp:elf_search_auxv can't find symbol in module
00cc:fixme:dbghelp:elf_search_auxv can't find symbol in module
00cc:fixme:dbghelp:elf_search_auxv can't find symbol in module
00cc:fixme:dbghelp:elf_search_auxv can't find symbol in module
00cc:fixme:dbghelp:elf_search_auxv can't find symbol in module
00cc:fixme:dbghelp:elf_search_auxv can't find symbol in module
00cc:fixme:dbghelp:elf_search_auxv can't find symbol in module
00cc:fixme:dbghelp:elf_search_auxv can't find symbol in module
00cc:fixme:dbghelp:elf_search_auxv can't find symbol in module
00cc:fixme:dbghelp:elf_search_auxv can't find symbol in module
00cc:fixme:dbghelp:elf_search_auxv can't find symbol in module
00cc:fixme:dbghelp:elf_search_auxv can't find symbol in module
00cc:fixme:dbghelp:elf_search_auxv can't find symbol in module
00cc:fixme:dbghelp:elf_search_auxv can't find symbol in module
00cc:fixme:dbghelp:elf_search_auxv can't find symbol in module
00cc:fixme:dbghelp:elf_search_auxv can't find symbol in module
00cc:fixme:dbghelp:elf_search_auxv can't find symbol in module
00cc:fixme:dbghelp:elf_search_auxv can't find symbol in module
00cc:fixme:dbghelp:elf_search_auxv can't find symbol in module
00cc:fixme:dbghelp:elf_search_auxv can't find symbol in module
00cc:fixme:dbghelp:elf_search_auxv can't find symbol in module
00cc:fixme:dbghelp:elf_search_auxv can't find symbol in module
00cc:fixme:dbghelp:elf_search_auxv can't find symbol in module
00cc:fixme:dbghelp:elf_search_auxv can't find symbol in module
00cc:fixme:dbghelp:elf_search_auxv can't find symbol in module
00cc:fixme:dbghelp:elf_search_auxv can't find symbol in module
00cc:fixme:dbghelp:elf_search_auxv can't find symbol in module
00cc:fixme:dbghelp:elf_search_auxv can't find symbol in module
00cc:fixme:dbghelp:elf_search_auxv can't find symbol in module
00cc:fixme:dbghelp:elf_search_auxv can't find symbol in module
00cc:fixme:dbghelp:elf_search_auxv can't find symbol in module
00cc:fixme:dbghelp:elf_search_auxv can't find symbol in module
00cc:fixme:dbghelp:elf_search_auxv can't find symbol in module
00cc:fixme:dbghelp:elf_search_auxv can't find symbol in module
00cc:fixme:dbghelp:elf_search_auxv can't find symbol in module
00cc:fixme:dbghelp:elf_search_auxv can't find symbol in module
00cc:fixme:dbghelp:elf_search_auxv can't find symbol in module
00cc:fixme:dbghelp:elf_search_auxv can't find symbol in module
00cc:fixme:dbghelp:elf_search_auxv can't find symbol in module
00cc:fixme:dbghelp:elf_search_auxv can't find symbol in module
00cc:fixme:dbghelp:elf_search_auxv can't find symbol in module
00cc:fixme:dbghelp:elf_search_auxv can't find symbol in module
00cc:fixme:dbghelp:elf_search_auxv can't find symbol in module
00cc:fixme:dbghelp:elf_search_auxv can't find symbol in module
00cc:fixme:dbghelp:elf_search_auxv can't find symbol in module
00cc:fixme:dbghelp:elf_search_auxv can't find symbol in module
00cc:fixme:dbghelp:elf_search_auxv can't find symbol in module
00cc:fixme:dbghelp:elf_search_auxv can't find symbol in module
00cc:fixme:dbghelp:elf_search_auxv can't find symbol in module
00cc:fixme:dbghelp:elf_search_auxv can't find symbol in module
00cc:fixme:dbghelp:elf_search_auxv can't find symbol in module
00cc:fixme:dbghelp:elf_search_auxv can't find symbol in module
00cc:fixme:dbghelp:elf_search_auxv can't find symbol in module
00cc:fixme:dbghelp:elf_search_auxv can't find symbol in module
00cc:fixme:dbghelp:elf_search_auxv can't find symbol in module
00cc:fixme:dbghelp:elf_search_auxv can't find symbol in module
00cc:fixme:dbghelp:elf_search_auxv can't find symbol in module
00cc:fixme:dbghelp:elf_search_auxv can't find symbol in module
00cc:fixme:dbghelp:elf_search_auxv can't find symbol in module
00cc:fixme:dbghelp:elf_search_auxv can't find symbol in module
00cc:fixme:dbghelp:elf_search_auxv can't find symbol in module
00cc:fixme:dbghelp:elf_search_auxv can't find symbol in module
00cc:fixme:dbghelp:elf_search_auxv can't find symbol in module
00cc:fixme:dbghelp:elf_search_auxv can't find symbol in module
00cc:fixme:dbghelp:elf_search_auxv can't find symbol in module
00cc:fixme:dbghelp:elf_search_auxv can't find symbol in module
00cc:fixme:dbghelp:elf_search_auxv can't find symbol in module
00cc:fixme:dbghelp:elf_search_auxv can't find symbol in module
00cc:fixme:dbghelp:elf_search_auxv can't find symbol in module
00cc:fixme:dbghelp:elf_search_auxv can't find symbol in module
00cc:fixme:dbghelp:elf_search_auxv can't find symbol in module
00cc:fixme:faultrep:ReportFault 00007FFFFE5CEA10 0x0 stub
[10/12/2023, 8:17:54 AM] XDG_CONFIG_HOME=/home/dennysesay/.config/heroic/legendaryConfig /opt/Heroic/resources/app.asar.unpacked/build/bin/linux/legendary list --third-party
[cli] INFO: Logging in...
[Core] INFO: Trying to re-use existing login session...
[cli] INFO: Getting game list... (this may take a while)

Available games:
 * Fall Guys (App name: 0a2d9f6403244d12969e11da6713137b | Version: EGS_4919)
 * Fortnite (App name: Fortnite | Version: ++Fortnite+Release-26.30-CL-28509302-Windows)
 * Honkai Impact 3rd (App name: 0dc22b543a40440fab5a98d1e40c02c1 | Version: 2.25.2)
 * MultiVersus (App name: 711c5e95dc094ca58e5f16bd48e751d6 | Version: 80480)
 * Rocket League速 (App name: Sugar | Version: BC2_Update45+430366)
 * Trackmania (App name: Pigeon | Version: 1.3)
  - This game can be activated directly on your Ubisoft account and does not require legendary to install/run. Use "legendary activate --uplay" and follow the instructions.
 * VALORANT (App name: 602eb4abc8764c87b7f2607a1ef8c18e | Version: 4352238-29145)

Total: 7

Legendary update available!
- New version: 0.20.33 - "Undue Alarm"
- Release summary:
 [*] Improved handling of SDL changes
 [*] Added safeguards to prevent two simultaneous instances from corrupting the database
 [*] Added support for running uninstallers
 [*] More gracefully handles account errors
See full changelog for additional details.
- Release URL: https://legendary.gl/release/0.20.33

- Download URL: https://legendary.gl/release/download/0.20.33/legendary
