System Info:
CPU: 16x AMD Ryzen 7 5800X 8-Core Processor
Memory: 33.58 GB (used: 4.06 GB)
GPUs:
  GPU 0:
    Name: NVIDIA Corporation GA102 [GeForce RTX 3080 Lite Hash Rate]
    IDs: D=2216 V=10de SD=1539 SV=10de
    Driver: nouveau
OS: Arch Linux 6.5.7-arch1-1 (linux)

The current system is not a Steam Deck
We are not running inside a Flatpak container

Software Versions:
  Heroic: 2.9.2 Boa Hancock
  Legendary: 0.20.32 Dark Energy (hotfix #6)
  gogdl: 0.7.3
  Nile: 1.0.0 Jonathan Joestar

Game Settings: {
	"autoInstallDxvk": true,
	"autoInstallVkd3d": true,
	"preferSystemLibs": false,
	"enableEsync": true,
	"enableFsync": true,
	"nvidiaPrime": false,
	"enviromentOptions": [],
	"wrapperOptions": [],
	"showFps": false,
	"useGameMode": false,
	"language": "",
	"wineVersion": {
		"bin": "/home/dennysesay/.config/heroic/tools/proton/Proton-GE-latest/proton",
		"name": "Proton - Proton-GE-latest",
		"type": "proton"
	},
	"winePrefix": "/home/dennysesay/Games/Heroic/Prefixes/default",
	"wineCrossoverBottle": "Heroic",
	"autoInstallDxvkNvapi": true
}

Game launched at: Thu Oct 12 2023 23:01:00 GMT+0200 (Central European Summer Time)

Launch Command: HEROIC_APP_NAME=Sugar HEROIC_APP_RUNNER=legendary HEROIC_APP_SOURCE=epic LD_PRELOAD= DOTNET_BUNDLE_EXTRACT_BASE_DIR= STEAM_COMPAT_CLIENT_INSTALL_PATH=/home/dennysesay/.steam/steam STEAM_COMPAT_DATA_PATH=/home/dennysesay/Games/Heroic/Prefixes/default STEAM_COMPAT_INSTALL_PATH=/home/dennysesay/Games/Heroic/rocketleague WINE_FULLSCREEN_FSR=0 PROTON_ENABLE_NVAPI=1 DXVK_NVAPI_ALLOW_OTHER_DRIVERS=1 STEAM_COMPAT_APP_ID=0 SteamAppId=0 SteamGameId=heroic-rocketleague PROTON_LOG_DIR=/home/dennysesay /opt/Heroic/resources/app.asar.unpacked/build/bin/linux/legendary launch Sugar --no-wine --wrapper " '/home/dennysesay/.config/heroic/tools/proton/Proton-GE-latest/proton' run" --language en

Game Log:
[cli] INFO: Logging in...
[Core] INFO: Logging in...
[cli] INFO: Checking for updates...
[Core] INFO: Getting authentication token...
[cli] INFO: Launching Sugar...

Legendary update available!
- New version: 0.20.33 - "Undue Alarm"
- Release summary:
 [*] Improved handling of SDL changes
 [*] Added safeguards to prevent two simultaneous instances from corrupting the database
 [*] Added support for running uninstallers
 [*] More gracefully handles account errors
See full changelog for additional details.
- Release URL: https://legendary.gl/release/0.20.33

- Download URL: https://legendary.gl/release/download/0.20.33/legendary
fsync: up and running.
wine: RLIMIT_NICE is <= 20, unable to use setpriority safely
[S_API] SteamAPI_Init(): SteamAPI_IsSteamRunning() did not locate a running instance of Steam.
[S_API FAIL] SteamAPI_Init() failed
Warning, Command line -d3d11 set, but D3D11 is not supported on this machine.  Will fallback to older API.
