2023-10-05 10:16:45 Loading main app package /usr/lib/obsidian/obsidian.asar
2023-10-05 10:16:45 Checking for update using Github
2023-10-05 10:16:45 Success.
2023-10-05 10:16:45 Latest version is 1.4.14
2023-10-05 10:16:45 App is up to date.
2023-10-05 11:56:10 Loading main app package /usr/lib/obsidian/obsidian.asar
2023-10-05 11:56:10 Checking for update using Github
2023-10-05 11:56:10 Success.
2023-10-05 11:56:10 Latest version is 1.4.14
2023-10-05 11:56:10 App is up to date.
2023-10-05 12:04:23 Loading main app package /usr/lib/obsidian/obsidian.asar
2023-10-05 12:04:23 Checking for update using Github
2023-10-05 12:04:24 Success.
2023-10-05 12:04:24 Latest version is 1.4.14
2023-10-05 12:04:24 App is up to date.
2023-10-05 12:07:34 Loading main app package /usr/lib/obsidian/obsidian.asar
2023-10-05 12:07:34 Checking for update using Github
2023-10-05 12:07:34 Success.
2023-10-05 12:07:34 Latest version is 1.4.14
2023-10-05 12:07:34 App is up to date.
2023-10-06 21:13:17 Loading main app package /usr/lib/obsidian/obsidian.asar
2023-10-06 21:13:17 Checking for update using Github
2023-10-06 21:13:17 Success.
2023-10-06 21:13:17 Latest version is 1.4.14
2023-10-06 21:13:17 App is up to date.
2023-10-08 16:20:07 Loading main app package /usr/lib/obsidian/obsidian.asar
2023-10-08 16:20:07 Checking for update using Github
2023-10-08 16:20:07 Success.
2023-10-08 16:20:07 Latest version is 1.4.14
2023-10-08 16:20:07 App is up to date.
2023-10-08 17:20:07 Checking for update using Github
2023-10-08 17:20:07 Success.
2023-10-08 17:20:07 Latest version is 1.4.14
2023-10-08 17:20:07 App is up to date.
2023-10-08 18:20:07 Checking for update using Github
2023-10-08 18:20:07 Success.
2023-10-08 18:20:07 Latest version is 1.4.14
2023-10-08 18:20:07 App is up to date.
